              :-) GROMACS - gmx mdrun, 2021.4-Ubuntu-2021.4-2 (-:

                            GROMACS is written by:
     Andrey Alekseenko              Emile Apol              Rossen Apostolov     
         Paul Bauer           Herman J.C. Berendsen           Par Bjelkmar       
       Christian Blau           Viacheslav Bolnykh             Kevin Boyd        
     Aldert van Buuren           Rudi van Drunen             Anton Feenstra      
    Gilles Gouaillardet             Alan Gray               Gerrit Groenhof      
       Anca Hamuraru            Vincent Hindriksen          M. Eric Irrgang      
      Aleksei Iupinov           Christoph Junghans             Joe Jordan        
    Dimitrios Karkoulis            Peter Kasson                Jiri Kraus        
      Carsten Kutzner              Per Larsson              Justin A. Lemkul     
       Viveca Lindahl            Magnus Lundborg             Erik Marklund       
        Pascal Merz             Pieter Meulenhoff            Teemu Murtola       
        Szilard Pall               Sander Pronk              Roland Schulz       
       Michael Shirts            Alexey Shvetsov             Alfons Sijbers      
       Peter Tieleman              Jon Vincent              Teemu Virolainen     
     Christian Wennberg            Maarten Wolf              Artem Zhmurov       
                           and the project leaders:
        Mark Abraham, Berk Hess, Erik Lindahl, and David van der Spoel

Copyright (c) 1991-2000, University of Groningen, The Netherlands.
Copyright (c) 2001-2019, The GROMACS development team at
Uppsala University, Stockholm University and
the Royal Institute of Technology, Sweden.
check out http://www.gromacs.org for more information.

GROMACS is free software; you can redistribute it and/or modify it
under the terms of the GNU Lesser General Public License
as published by the Free Software Foundation; either version 2.1
of the License, or (at your option) any later version.

GROMACS:      gmx mdrun, version 2021.4-Ubuntu-2021.4-2
Executable:   /usr/bin/gmx
Data prefix:  /usr
Working dir:  /home/imami/watermodel/sept13/it3
Process ID:   19516
Command line:
  gmx mdrun -s eql.tpr -o eql.trr -x eql.xtc -c eql.gro -e eql.edr -g eql.log

GROMACS version:    2021.4-Ubuntu-2021.4-2
Precision:          mixed
Memory model:       64 bit
MPI library:        thread_mpi
OpenMP support:     enabled (GMX_OPENMP_MAX_THREADS = 64)
GPU support:        disabled
SIMD instructions:  SSE4.1
FFT library:        fftw-3.3.8-sse2-avx
RDTSCP usage:       enabled
TNG support:        enabled
Hwloc support:      hwloc-2.5.0
Tracing support:    disabled
C compiler:         /usr/bin/cc GNU 11.2.0
C compiler flags:   -msse4.1 -Wno-missing-field-initializers -fexcess-precision=fast -funroll-all-loops -O3 -DNDEBUG
C++ compiler:       /usr/bin/c++ GNU 11.2.0
C++ compiler flags: -msse4.1 -Wno-missing-field-initializers -fexcess-precision=fast -funroll-all-loops -fopenmp -O3 -DNDEBUG


Running on 1 node with total 14 cores, 20 logical cores
Hardware detected:
  CPU info:
    Vendor: Intel
    Brand:  12th Gen Intel(R) Core(TM) i7-12700H
    Family: 6   Model: 154   Stepping: 3
    Features: aes apic avx avx2 clfsh cmov cx8 cx16 f16c fma htt intel lahf mmx msr nonstop_tsc pcid pclmuldq pdcm pdpe1gb popcnt pse rdrnd rdtscp sha sse2 sse3 sse4.1 sse4.2 ssse3 tdt x2apic
  Hardware topology: Full, with devices
    Sockets, cores, and logical processors:
      Socket  0: [   0   1] [   2   3] [   4   5] [   6   7] [   8   9] [  10  11] [  12] [  13] [  14] [  15] [  16] [  17] [  18] [  19]
    Numa nodes:
      Node  0 (16429146112 bytes mem):   0   1   2   3   4   5   6   7   8   9  10  11  12  13  14  15  16  17  18  19
      Latency:
               0
         0  1.00
    Caches:
      L1: 49152 bytes, linesize 64 bytes, assoc. 12, shared 2 ways
      L2: 1310720 bytes, linesize 64 bytes, assoc. 10, shared 2 ways
      L3: 25165824 bytes, linesize 64 bytes, assoc. 12, shared 20 ways
    PCI devices:
      0000:01:00.0  Id: 10de:2560  Class: 0x0300  Numa: 0
      0000:00:02.0  Id: 8086:46a6  Class: 0x0300  Numa: 0
      0000:02:00.0  Id: 1c5c:1d59  Class: 0x0108  Numa: 0
      0000:00:14.3  Id: 8086:51f0  Class: 0x0280  Numa: 0

Highest SIMD level supported by all nodes in run: AVX2_256
SIMD instructions selected at compile time:       SSE4.1
This program was compiled for different hardware than you are running on,
which could influence performance.

++++ PLEASE READ AND CITE THE FOLLOWING REFERENCE ++++
M. J. Abraham, T. Murtola, R. Schulz, S. Páll, J. C. Smith, B. Hess, E.
Lindahl
GROMACS: High performance molecular simulations through multi-level
parallelism from laptops to supercomputers
SoftwareX 1 (2015) pp. 19-25
-------- -------- --- Thank You --- -------- --------


++++ PLEASE READ AND CITE THE FOLLOWING REFERENCE ++++
S. Páll, M. J. Abraham, C. Kutzner, B. Hess, E. Lindahl
Tackling Exascale Software Challenges in Molecular Dynamics Simulations with
GROMACS
In S. Markidis & E. Laure (Eds.), Solving Software Challenges for Exascale 8759 (2015) pp. 3-27
-------- -------- --- Thank You --- -------- --------


++++ PLEASE READ AND CITE THE FOLLOWING REFERENCE ++++
S. Pronk, S. Páll, R. Schulz, P. Larsson, P. Bjelkmar, R. Apostolov, M. R.
Shirts, J. C. Smith, P. M. Kasson, D. van der Spoel, B. Hess, and E. Lindahl
GROMACS 4.5: a high-throughput and highly parallel open source molecular
simulation toolkit
Bioinformatics 29 (2013) pp. 845-54
-------- -------- --- Thank You --- -------- --------


++++ PLEASE READ AND CITE THE FOLLOWING REFERENCE ++++
B. Hess and C. Kutzner and D. van der Spoel and E. Lindahl
GROMACS 4: Algorithms for highly efficient, load-balanced, and scalable
molecular simulation
J. Chem. Theory Comput. 4 (2008) pp. 435-447
-------- -------- --- Thank You --- -------- --------


++++ PLEASE READ AND CITE THE FOLLOWING REFERENCE ++++
D. van der Spoel, E. Lindahl, B. Hess, G. Groenhof, A. E. Mark and H. J. C.
Berendsen
GROMACS: Fast, Flexible and Free
J. Comp. Chem. 26 (2005) pp. 1701-1719
-------- -------- --- Thank You --- -------- --------


++++ PLEASE READ AND CITE THE FOLLOWING REFERENCE ++++
E. Lindahl and B. Hess and D. van der Spoel
GROMACS 3.0: A package for molecular simulation and trajectory analysis
J. Mol. Mod. 7 (2001) pp. 306-317
-------- -------- --- Thank You --- -------- --------


++++ PLEASE READ AND CITE THE FOLLOWING REFERENCE ++++
H. J. C. Berendsen, D. van der Spoel and R. van Drunen
GROMACS: A message-passing parallel molecular dynamics implementation
Comp. Phys. Comm. 91 (1995) pp. 43-56
-------- -------- --- Thank You --- -------- --------

Input Parameters:
   integrator                     = md
   tinit                          = 0
   dt                             = 0.002
   nsteps                         = 50000
   init-step                      = 0
   simulation-part                = 1
   mts                            = false
   comm-mode                      = Linear
   nstcomm                        = 100
   bd-fric                        = 0
   ld-seed                        = 1577049787
   emtol                          = 10
   emstep                         = 0.01
   niter                          = 20
   fcstep                         = 0
   nstcgsteep                     = 1000
   nbfgscorr                      = 10
   rtpi                           = 0.05
   nstxout                        = 0
   nstvout                        = 0
   nstfout                        = 0
   nstlog                         = 2000
   nstcalcenergy                  = 100
   nstenergy                      = 200
   nstxout-compressed             = 10000
   compressed-x-precision         = 1000
   cutoff-scheme                  = Verlet
   nstlist                        = 10
   pbc                            = xyz
   periodic-molecules             = false
   verlet-buffer-tolerance        = 0.005
   rlist                          = 1.001
   coulombtype                    = PME
   coulomb-modifier               = Potential-shift
   rcoulomb-switch                = 0
   rcoulomb                       = 1
   epsilon-r                      = 1
   epsilon-rf                     = inf
   vdw-type                       = Cut-off
   vdw-modifier                   = Potential-shift
   rvdw-switch                    = 0
   rvdw                           = 1
   DispCorr                       = EnerPres
   table-extension                = 1
   fourierspacing                 = 0.12
   fourier-nx                     = 24
   fourier-ny                     = 24
   fourier-nz                     = 24
   pme-order                      = 4
   ewald-rtol                     = 1e-05
   ewald-rtol-lj                  = 0.001
   lj-pme-comb-rule               = Geometric
   ewald-geometry                 = 0
   epsilon-surface                = 0
   tcoupl                         = Nose-Hoover
   nsttcouple                     = 10
   nh-chain-length                = 1
   print-nose-hoover-chain-variables = false
   pcoupl                         = No
   pcoupltype                     = Isotropic
   nstpcouple                     = -1
   tau-p                          = 1
   compressibility (3x3):
      compressibility[    0]={ 0.00000e+00,  0.00000e+00,  0.00000e+00}
      compressibility[    1]={ 0.00000e+00,  0.00000e+00,  0.00000e+00}
      compressibility[    2]={ 0.00000e+00,  0.00000e+00,  0.00000e+00}
   ref-p (3x3):
      ref-p[    0]={ 0.00000e+00,  0.00000e+00,  0.00000e+00}
      ref-p[    1]={ 0.00000e+00,  0.00000e+00,  0.00000e+00}
      ref-p[    2]={ 0.00000e+00,  0.00000e+00,  0.00000e+00}
   refcoord-scaling               = No
   posres-com (3):
      posres-com[0]= 0.00000e+00
      posres-com[1]= 0.00000e+00
      posres-com[2]= 0.00000e+00
   posres-comB (3):
      posres-comB[0]= 0.00000e+00
      posres-comB[1]= 0.00000e+00
      posres-comB[2]= 0.00000e+00
   QMMM                           = false
qm-opts:
   ngQM                           = 0
   constraint-algorithm           = Lincs
   continuation                   = false
   Shake-SOR                      = false
   shake-tol                      = 0.0001
   lincs-order                    = 4
   lincs-iter                     = 1
   lincs-warnangle                = 30
   nwall                          = 0
   wall-type                      = 9-3
   wall-r-linpot                  = -1
   wall-atomtype[0]               = -1
   wall-atomtype[1]               = -1
   wall-density[0]                = 0
   wall-density[1]                = 0
   wall-ewald-zfac                = 3
   pull                           = false
   awh                            = false
   rotation                       = false
   interactiveMD                  = false
   disre                          = No
   disre-weighting                = Conservative
   disre-mixed                    = false
   dr-fc                          = 1000
   dr-tau                         = 0
   nstdisreout                    = 100
   orire-fc                       = 0
   orire-tau                      = 0
   nstorireout                    = 100
   free-energy                    = no
   cos-acceleration               = 0
   deform (3x3):
      deform[    0]={ 0.00000e+00,  0.00000e+00,  0.00000e+00}
      deform[    1]={ 0.00000e+00,  0.00000e+00,  0.00000e+00}
      deform[    2]={ 0.00000e+00,  0.00000e+00,  0.00000e+00}
   simulated-tempering            = false
   swapcoords                     = no
   userint1                       = 0
   userint2                       = 0
   userint3                       = 0
   userint4                       = 0
   userreal1                      = 0
   userreal2                      = 0
   userreal3                      = 0
   userreal4                      = 0
   applied-forces:
     electric-field:
       x:
         E0                       = 0
         omega                    = 0
         t0                       = 0
         sigma                    = 0
       y:
         E0                       = 0
         omega                    = 0
         t0                       = 0
         sigma                    = 0
       z:
         E0                       = 0
         omega                    = 0
         t0                       = 0
         sigma                    = 0
     density-guided-simulation:
       active                     = false
       group                      = protein
       similarity-measure         = inner-product
       atom-spreading-weight      = unity
       force-constant             = 1e+09
       gaussian-transform-spreading-width = 0.2
       gaussian-transform-spreading-range-in-multiples-of-width = 4
       reference-density-filename = reference.mrc
       nst                        = 1
       normalize-densities        = true
       adaptive-force-scaling     = false
       adaptive-force-scaling-time-constant = 4
       shift-vector               = 
       transformation-matrix      = 
grpopts:
   nrdf:        3549
   ref-t:      298.15
   tau-t:           2
annealing:          No
annealing-npoints:           0
   acc:	           0           0           0
   nfreeze:           N           N           N
   energygrp-flags[  0]: 0

Changing nstlist from 10 to 40, rlist from 1.001 to 1.1


Initializing Domain Decomposition on 20 ranks
Dynamic load balancing: auto
Using update groups, nr 592, average size 4.0 atoms, max. radius 0.078 nm
Minimum cell size due to atom displacement: 0.244 nm
Scaling the initial minimum size with 1/0.8 (option -dds) = 1.25
Guess for relative PME load: 0.11
Will use 16 particle-particle and 4 PME only ranks
This is a guess, check the performance at the end of the log file
Using 4 separate PME ranks, as guessed by mdrun
Optimizing the DD grid for 16 cells with a minimum initial size of 0.305 nm
The maximum allowed number of cells is: X 8 Y 8 Z 8
Domain decomposition grid 4 x 4 x 1, separate PME ranks 4
PME domain decomposition: 4 x 1 x 1
Interleaving PP and PME ranks
This rank does only particle-particle work.
Domain decomposition rank 0, coordinates 0 0 0

The initial number of communication pulses is: X 2 Y 2
The initial domain decomposition cell size is: X 0.65 nm Y 0.65 nm

When dynamic load balancing gets turned on, these settings will change to:
The maximum number of communication pulses is: X 3 Y 3
The minimum size for domain decomposition cells is 0.419 nm
The requested allowed shrink of DD cells (option -dds) is: 0.80
The allowed shrink of domain decomposition cells is: X 0.64 Y 0.64

Using 20 MPI threads
Using 1 OpenMP thread per tMPI thread

Pinning threads with an auto-selected logical core stride of 1
System total charge: 0.000
Will do PME sum in reciprocal space for electrostatic interactions.

++++ PLEASE READ AND CITE THE FOLLOWING REFERENCE ++++
U. Essmann, L. Perera, M. L. Berkowitz, T. Darden, H. Lee and L. G. Pedersen 
A smooth particle mesh Ewald method
J. Chem. Phys. 103 (1995) pp. 8577-8592
-------- -------- --- Thank You --- -------- --------

Using a Gaussian width (1/beta) of 0.320163 nm for Ewald
Potential shift: LJ r^-12: -1.000e+00 r^-6: -1.000e+00, Ewald -1.000e-05
Initialized non-bonded Ewald tables, spacing: 9.33e-04 size: 1073

Long Range LJ corr.: <C6> 1.7091e-04


Using SIMD 4x4 nonbonded short-range kernels

Using a dual 4x4 pair-list setup updated with dynamic pruning:
  outer list: updated every 40 steps, buffer 0.100 nm, rlist 1.100 nm
  inner list: updated every 10 steps, buffer 0.001 nm, rlist 1.001 nm
At tolerance 0.005 kJ/mol/ps per atom, equivalent classical 1x1 list would be:
  outer list: updated every 40 steps, buffer 0.214 nm, rlist 1.214 nm
  inner list: updated every 10 steps, buffer 0.038 nm, rlist 1.038 nm

Using geometric Lennard-Jones combination rule
Removing pbc first time

++++ PLEASE READ AND CITE THE FOLLOWING REFERENCE ++++
S. Miyamoto and P. A. Kollman
SETTLE: An Analytical Version of the SHAKE and RATTLE Algorithms for Rigid
Water Models
J. Comp. Chem. 13 (1992) pp. 952-962
-------- -------- --- Thank You --- -------- --------


Linking all bonded interactions to atoms


Intra-simulation communication will occur every 10 steps.
There are: 1776 Atoms
There are: 592 VSites
Atom distribution over 16 domains: av 148 stddev 13 min 132 max 184

Constraining the starting coordinates (step 0)

Constraining the coordinates at t0-dt (step 0)
Center of mass motion removal mode is Linear
We have the following groups for center of mass motion removal:
  0:  rest
RMS relative constraint deviation after constraining: 0.00e+00
Initial temperature: 299.588 K

Started mdrun on rank 0 Sun Sep 10 19:10:41 2023

           Step           Time
              0        0.00000

   Energies (kJ/mol)
        LJ (SR)  Disper. corr.   Coulomb (SR)   Coul. recip.      Potential
    6.91511e+03   -2.28195e+02   -3.95914e+04    6.34325e+01   -3.28411e+04
    Kinetic En.   Total Energy  Conserved En.    Temperature Pres. DC (bar)
    4.42026e+03   -2.84208e+04   -2.84208e+04    2.99597e+02   -2.15785e+02
 Pressure (bar)
   -1.99770e+03


DD  step 39 load imb.: force 14.1%  pme mesh/force 1.384
step  240: timed with pme grid 24 24 24, coulomb cutoff 1.000: 18762.4 M-cycles
step  240: the box size limits the PME load balancing to a coulomb cut-off of 1.083
step  320: timed with pme grid 20 20 20, coulomb cutoff 1.083: 20523.9 M-cycles
step  400: timed with pme grid 24 24 24, coulomb cutoff 1.000: 13817.6 M-cycles
step  480: timed with pme grid 24 24 24, coulomb cutoff 1.000: 12337.1 M-cycles
step  560: timed with pme grid 24 24 24, coulomb cutoff 1.000: 14207.9 M-cycles
              optimal pme grid 24 24 24, coulomb cutoff 1.000

DD  step 1999 load imb.: force 15.1%  pme mesh/force 1.221
           Step           Time
           2000        4.00000

   Energies (kJ/mol)
        LJ (SR)  Disper. corr.   Coulomb (SR)   Coul. recip.      Potential
    4.66125e+03   -2.28195e+02   -3.15970e+04    1.35350e+02   -2.70286e+04
    Kinetic En.   Total Energy  Conserved En.    Temperature Pres. DC (bar)
    4.22279e+03   -2.28058e+04   -2.79069e+04    2.86213e+02   -2.15785e+02
 Pressure (bar)
   -1.14785e+03


DD  step 3999 load imb.: force  5.3%  pme mesh/force 1.399
           Step           Time
           4000        8.00000

   Energies (kJ/mol)
        LJ (SR)  Disper. corr.   Coulomb (SR)   Coul. recip.      Potential
    4.89081e+03   -2.28195e+02   -3.14509e+04    1.61820e+02   -2.66264e+04
    Kinetic En.   Total Energy  Conserved En.    Temperature Pres. DC (bar)
    5.01066e+03   -2.16158e+04   -2.76888e+04    3.39613e+02   -2.15785e+02
 Pressure (bar)
    3.32989e+02

Writing checkpoint, step 5840 at Sun Sep 10 19:25:48 2023



DD  step 5999 load imb.: force 13.9%  pme mesh/force 0.959
           Step           Time
           6000       12.00000

   Energies (kJ/mol)
        LJ (SR)  Disper. corr.   Coulomb (SR)   Coul. recip.      Potential
    5.40614e+03   -2.28195e+02   -3.31605e+04    1.50538e+02   -2.78320e+04
    Kinetic En.   Total Energy  Conserved En.    Temperature Pres. DC (bar)
    4.31268e+03   -2.35193e+04   -2.76371e+04    2.92306e+02   -2.15785e+02
 Pressure (bar)
   -1.06208e+01


DD  step 7999 load imb.: force 10.5%  pme mesh/force 1.205
           Step           Time
           8000       16.00000

   Energies (kJ/mol)
        LJ (SR)  Disper. corr.   Coulomb (SR)   Coul. recip.      Potential
    5.32933e+03   -2.28195e+02   -3.28281e+04    1.37422e+02   -2.75896e+04
    Kinetic En.   Total Energy  Conserved En.    Temperature Pres. DC (bar)
    4.25210e+03   -2.33375e+04   -2.76435e+04    2.88200e+02   -2.15785e+02
 Pressure (bar)
    7.84436e+01


DD  step 9999 load imb.: force 11.5%  pme mesh/force 1.077
           Step           Time
          10000       20.00000

   Energies (kJ/mol)
        LJ (SR)  Disper. corr.   Coulomb (SR)   Coul. recip.      Potential
    5.12713e+03   -2.28195e+02   -3.25935e+04    1.27822e+02   -2.75667e+04
    Kinetic En.   Total Energy  Conserved En.    Temperature Pres. DC (bar)
    4.31370e+03   -2.32530e+04   -2.76291e+04    2.92374e+02   -2.15785e+02
 Pressure (bar)
   -4.40031e+02


DD  step 11999 load imb.: force  7.1%  pme mesh/force 1.159
           Step           Time
          12000       24.00000

   Energies (kJ/mol)
        LJ (SR)  Disper. corr.   Coulomb (SR)   Coul. recip.      Potential
    5.49626e+03   -2.28195e+02   -3.32376e+04    1.34828e+02   -2.78347e+04
    Kinetic En.   Total Energy  Conserved En.    Temperature Pres. DC (bar)
    4.34742e+03   -2.34873e+04   -2.76400e+04    2.94660e+02   -2.15785e+02
 Pressure (bar)
    2.58397e+02

Writing checkpoint, step 12080 at Sun Sep 10 19:40:47 2023



DD  step 13999 load imb.: force 19.3%  pme mesh/force 0.808
           Step           Time
          14000       28.00000

   Energies (kJ/mol)
        LJ (SR)  Disper. corr.   Coulomb (SR)   Coul. recip.      Potential
    5.17678e+03   -2.28195e+02   -3.24719e+04    1.20857e+02   -2.74025e+04
    Kinetic En.   Total Energy  Conserved En.    Temperature Pres. DC (bar)
    4.50439e+03   -2.28981e+04   -2.76170e+04    3.05299e+02   -2.15785e+02
 Pressure (bar)
   -8.69436e-01


DD  step 15999 load imb.: force 10.8%  pme mesh/force 1.333
           Step           Time
          16000       32.00000

   Energies (kJ/mol)
        LJ (SR)  Disper. corr.   Coulomb (SR)   Coul. recip.      Potential
    5.31091e+03   -2.28195e+02   -3.26249e+04    1.49844e+02   -2.73923e+04
    Kinetic En.   Total Energy  Conserved En.    Temperature Pres. DC (bar)
    4.43426e+03   -2.29581e+04   -2.76126e+04    3.00546e+02   -2.15785e+02
 Pressure (bar)
    2.43568e+02

Writing checkpoint, step 17920 at Sun Sep 10 19:55:43 2023



DD  step 17999 load imb.: force 14.1%  pme mesh/force 0.877
           Step           Time
          18000       36.00000

   Energies (kJ/mol)
        LJ (SR)  Disper. corr.   Coulomb (SR)   Coul. recip.      Potential
    5.63119e+03   -2.28195e+02   -3.30031e+04    1.31059e+02   -2.74691e+04
    Kinetic En.   Total Energy  Conserved En.    Temperature Pres. DC (bar)
    4.38440e+03   -2.30847e+04   -2.75899e+04    2.97167e+02   -2.15785e+02
 Pressure (bar)
    1.07615e+03


DD  step 19999 load imb.: force  8.2%  pme mesh/force 1.284
           Step           Time
          20000       40.00000

   Energies (kJ/mol)
        LJ (SR)  Disper. corr.   Coulomb (SR)   Coul. recip.      Potential
    5.56140e+03   -2.28195e+02   -3.30454e+04    1.34108e+02   -2.75780e+04
    Kinetic En.   Total Energy  Conserved En.    Temperature Pres. DC (bar)
    4.38625e+03   -2.31918e+04   -2.75810e+04    2.97292e+02   -2.15785e+02
 Pressure (bar)
    7.13649e+02


DD  step 21999 load imb.: force  9.7%  pme mesh/force 1.412
           Step           Time
          22000       44.00000

   Energies (kJ/mol)
        LJ (SR)  Disper. corr.   Coulomb (SR)   Coul. recip.      Potential
    5.39397e+03   -2.28195e+02   -3.29620e+04    1.32213e+02   -2.76640e+04
    Kinetic En.   Total Energy  Conserved En.    Temperature Pres. DC (bar)
    4.48260e+03   -2.31814e+04   -2.75823e+04    3.03823e+02   -2.15785e+02
 Pressure (bar)
    2.32956e+02


DD  step 23999 load imb.: force  6.5%  pme mesh/force 1.785
           Step           Time
          24000       48.00000

Writing checkpoint, step 24000 at Sun Sep 10 20:10:48 2023


   Energies (kJ/mol)
        LJ (SR)  Disper. corr.   Coulomb (SR)   Coul. recip.      Potential
    5.04105e+03   -2.28195e+02   -3.22972e+04    1.38377e+02   -2.73460e+04
    Kinetic En.   Total Energy  Conserved En.    Temperature Pres. DC (bar)
    4.48280e+03   -2.28632e+04   -2.75735e+04    3.03836e+02   -2.15785e+02
 Pressure (bar)
   -3.31271e+02


DD  step 25999 load imb.: force  8.7%  pme mesh/force 1.085
           Step           Time
          26000       52.00000

   Energies (kJ/mol)
        LJ (SR)  Disper. corr.   Coulomb (SR)   Coul. recip.      Potential
    5.30089e+03   -2.28195e+02   -3.27252e+04    1.35429e+02   -2.75171e+04
    Kinetic En.   Total Energy  Conserved En.    Temperature Pres. DC (bar)
    4.40206e+03   -2.31150e+04   -2.75647e+04    2.98364e+02   -2.15785e+02
 Pressure (bar)
    2.51033e+02


DD  step 27999 load imb.: force 13.3%  pme mesh/force 1.503
           Step           Time
          28000       56.00000

   Energies (kJ/mol)
        LJ (SR)  Disper. corr.   Coulomb (SR)   Coul. recip.      Potential
    5.24196e+03   -2.28195e+02   -3.23830e+04    1.47311e+02   -2.72220e+04
    Kinetic En.   Total Energy  Conserved En.    Temperature Pres. DC (bar)
    4.42379e+03   -2.27982e+04   -2.75612e+04    2.99837e+02   -2.15785e+02
 Pressure (bar)
    2.37105e+02

Writing checkpoint, step 29840 at Sun Sep 10 20:25:42 2023



DD  step 29999 load imb.: force 466.5%  pme mesh/force 0.162
           Step           Time
          30000       60.00000

   Energies (kJ/mol)
        LJ (SR)  Disper. corr.   Coulomb (SR)   Coul. recip.      Potential
    5.56170e+03   -2.28195e+02   -3.29515e+04    1.51407e+02   -2.74666e+04
    Kinetic En.   Total Energy  Conserved En.    Temperature Pres. DC (bar)
    4.45500e+03   -2.30116e+04   -2.75376e+04    3.01952e+02   -2.15785e+02
 Pressure (bar)
    1.11247e+03



Received the INT signal, stopping within 40 steps

           Step           Time
          31360       62.72000

Writing checkpoint, step 31360 at Sun Sep 10 20:25:45 2023


   Energies (kJ/mol)
        LJ (SR)  Disper. corr.   Coulomb (SR)   Coul. recip.      Potential
    5.39590e+03   -2.28195e+02   -3.26340e+04    1.72525e+02   -2.72938e+04
    Kinetic En.   Total Energy  Conserved En.    Temperature Pres. DC (bar)
    4.30780e+03   -2.29860e+04   -2.75382e+04    2.91975e+02   -2.15785e+02
 Pressure (bar)
    6.45697e+02


Energy conservation over simulation part #1 of length 62.72 ns, time 0 to 62.72 ns
  Conserved energy drift: 5.94e-03 kJ/mol/ps per atom


	<======  ###############  ==>
	<====  A V E R A G E S  ====>
	<==  ###############  ======>

	Statistics over 31361 steps using 314 frames

   Energies (kJ/mol)
        LJ (SR)  Disper. corr.   Coulomb (SR)   Coul. recip.      Potential
    5.31853e+03   -2.28195e+02   -3.27259e+04    1.37983e+02   -2.74976e+04
    Kinetic En.   Total Energy  Conserved En.    Temperature Pres. DC (bar)
    4.40061e+03   -2.30970e+04   -2.76408e+04    2.98265e+02   -2.15785e+02
 Pressure (bar)
    2.02153e+02

   Total Virial (kJ/mol)
    1.37275e+03    3.05429e+00   -2.16336e+01
    3.02048e+00    1.37475e+03   -3.65094e-01
   -2.16051e+01   -3.36888e-01    1.33216e+03

   Pressure (bar)
    1.72912e+02   -6.68084e+00    4.72007e+01
   -6.61695e+00    1.77676e+02   -5.48853e-01
    4.71468e+01   -6.02150e-01    2.55871e+02


       P P   -   P M E   L O A D   B A L A N C I N G

 PP/PME load balancing changed the cut-off and PME settings:
           particle-particle                    PME
            rcoulomb  rlist            grid      spacing   1/beta
   initial  1.000 nm  1.001 nm      24  24  24   0.108 nm  0.320 nm
   final    1.000 nm  1.001 nm      24  24  24   0.108 nm  0.320 nm
 cost-ratio           1.00             1.00
 (note that these numbers concern only part of the total PP and PME load)


	M E G A - F L O P S   A C C O U N T I N G

 NB=Group-cutoff nonbonded kernels    NxN=N-by-N cluster Verlet kernels
 RF=Reaction-Field  VdW=Van der Waals  QSTab=quadratic-spline table
 W3=SPC/TIP3p  W4=TIP4p (single or pairs)
 V&F=Potential and force  V=Potential only  F=Force only

 Computing:                               M-Number         M-Flops  % Flops
-----------------------------------------------------------------------------
 Pair Search distance check             627.532064        5647.789     0.3
 NxN QSTab Elec. + LJ [F]             20871.961328      855750.414    49.0
 NxN QSTab Elec. + LJ [V&F]             211.875688       12500.666     0.7
 NxN LJ [F]                              48.846048        1611.920     0.1
 NxN LJ [V&F]                             0.510896          21.969     0.0
 NxN QSTab Elec. [F]                  20866.602400      709464.482    40.7
 NxN QSTab Elec. [V&F]                  211.814856        8684.409     0.5
 Calc Weights                           222.788544        8020.388     0.5
 Spread Q Bspline                      4752.822272        9505.645     0.5
 Gather F Bspline                      4752.822272       28516.934     1.6
 3D-FFT                               11912.572774       95300.582     5.5
 Solve PME                               18.049856        1155.191     0.1
 Reset In Box                             1.858880           5.577     0.0
 CG-CoM                                   1.861248           5.584     0.0
 Virial                                   0.972720          17.509     0.0
 Stop-CM                                  0.745920           7.459     0.0
 Calc-Ekin                               14.856832         401.134     0.0
 Constraint-V                            55.698912         501.290     0.0
 Constraint-Vir                           0.559440          13.427     0.0
 Settle                                  18.566896        6869.752     0.4
 Virtual Site 3                          18.752192         693.831     0.0
-----------------------------------------------------------------------------
 Total                                                 1744695.949   100.0
-----------------------------------------------------------------------------


    D O M A I N   D E C O M P O S I T I O N   S T A T I S T I C S

 av. #atoms communicated per step for force:  2 x 12069.6


Dynamic load balancing report:
 DLB was off during the run due to low measured imbalance.
 Average load imbalance: 11.5%.
 The balanceable part of the MD step is 47%, load imbalance is computed from this.
 Part of the total run time spent waiting due to load imbalance: 5.4%.
 Average PME mesh/force load: 1.192
 Part of the total run time spent waiting due to PP/PME imbalance: 6.5 %

NOTE: 5.4 % of the available CPU time was lost due to load imbalance
      in the domain decomposition.
      Dynamic load balancing was automatically disabled, but it might be beneficial to manually tuning it on (option -dlb on.)
      You can also consider manually changing the decomposition (option -dd);
      e.g. by using fewer domains along the box dimension in which there is
      considerable inhomogeneity in the simulated system.
NOTE: 6.5 % performance was lost because the PME ranks
      had more work to do than the PP ranks.
      You might want to increase the number of PME ranks
      or increase the cut-off and the grid spacing.


     R E A L   C Y C L E   A N D   T I M E   A C C O U N T I N G

On 16 MPI ranks doing PP, and
on 4 MPI ranks doing PME

 Computing:          Num   Num      Call    Wall time         Giga-Cycles
                     Ranks Threads  Count      (s)         total sum    %
-----------------------------------------------------------------------------
 Domain decomp.        16    1        785     169.705       7298.730   3.0
 DD comm. load         16    1         17       0.240         10.302   0.0
 Vsite constr.         16    1      31361       0.040          1.699   0.0
 Send X to PME         16    1      31361     564.177      24264.252  10.0
 Neighbor search       16    1        785       0.464         19.950   0.0
 Comm. coord.          16    1      30576    1445.105      62151.416  25.7
 Force                 16    1      31361       8.998        386.977   0.2
 Wait + Comm. F        16    1      31361    1565.757      67340.462  27.8
 PME mesh *             4    1      31361    2238.681      24070.430   9.9
 PME wait for PP *                           2265.749      24361.470  10.1
 Wait + Recv. PME F    16    1      31361     579.123      24907.045  10.3
 NB X/F buffer ops.    16    1      92513       0.460         19.766   0.0
 Vsite spread          16    1      31676       0.059          2.523   0.0
 Write traj.           16    1         10       0.271         11.650   0.0
 Update                16    1      31361       0.186          8.003   0.0
 Constraints           16    1      31363       0.127          5.441   0.0
 Comm. energies        16    1       3137     168.342       7240.096   3.0
 Rest                                           1.538         66.141   0.0
-----------------------------------------------------------------------------
 Total                                       4504.590     242168.065 100.0
-----------------------------------------------------------------------------
(*) Note that with separate PME ranks, the walltime column actually sums to
    twice the total reported, but the cycle count total and % are correct.
-----------------------------------------------------------------------------
 Breakdown of PME mesh computation
-----------------------------------------------------------------------------
 PME redist. X/F        4    1      62722    1626.541      17488.668   7.2
 PME spread             4    1      31361     143.891       1547.126   0.6
 PME gather             4    1      31361     112.190       1206.272   0.5
 PME 3D-FFT             4    1      62722       2.195         23.602   0.0
 PME 3D-FFT Comm.       4    1      62722     353.335       3799.083   1.6
 PME solve Elec         4    1      31361       0.428          4.605   0.0
-----------------------------------------------------------------------------

               Core t (s)   Wall t (s)        (%)
       Time:    90091.553     4504.590     2000.0
                         1h15:04
                 (ns/day)    (hour/ns)
Performance:        1.203       19.950
Finished mdrun on rank 0 Sun Sep 10 20:25:45 2023

