                      :-) GROMACS - gmx mdrun, 2023.1 (-:

Copyright 1991-2023 The GROMACS Authors.
GROMACS is free software; you can redistribute it and/or modify it
under the terms of the GNU Lesser General Public License
as published by the Free Software Foundation; either version 2.1
of the License, or (at your option) any later version.

                         Current GROMACS contributors:
       Mark Abraham           Andrey Alekseenko           Cathrine Bergh      
      Christian Blau            Eliane Briand             Mahesh Doijade      
    Stefan Fleischmann           Vytas Gapsys              Gaurav Garg        
      Sergey Gorelov         Gilles Gouaillardet            Alan Gray         
     M. Eric Irrgang         Farzaneh Jalalypour            Joe Jordan        
    Christoph Junghans        Prashanth Kanduri          Sebastian Keller     
     Carsten Kutzner           Justin A. Lemkul          Magnus Lundborg      
       Pascal Merz              Vedran Miletic            Dmitry Morozov      
       Szilard Pall             Roland Schulz             Michael Shirts      
     Alexey Shvetsov            Balint Soproni         David van der Spoel    
      Philip Turner             Carsten Uphoff           Alessandra Villa     
 Sebastian Wingbermuehle        Artem Zhmurov       

                         Previous GROMACS contributors:
        Emile Apol             Rossen Apostolov           James Barnett       
  Herman J.C. Berendsen          Par Bjelkmar           Viacheslav Bolnykh    
        Kevin Boyd            Aldert van Buuren          Carlo Camilloni      
     Rudi van Drunen            Anton Feenstra           Oliver Fleetwood     
     Gerrit Groenhof            Bert de Groot             Anca Hamuraru       
    Vincent Hindriksen          Victor Holanda           Aleksei Iupinov      
   Dimitrios Karkoulis           Peter Kasson             Sebastian Kehl      
        Jiri Kraus               Per Larsson              Viveca Lindahl      
      Erik Marklund           Pieter Meulenhoff           Teemu Murtola       
       Sander Pronk             Alfons Sijbers            Peter Tieleman      
       Jon Vincent             Teemu Virolainen         Christian Wennberg    
       Maarten Wolf       

                  Coordinated by the GROMACS project leaders:
                    Paul Bauer, Berk Hess, and Erik Lindahl

GROMACS:      gmx mdrun, version 2023.1
Executable:   /usr/local/gromacs/bin/gmx
Data prefix:  /usr/local/gromacs
Working dir:  /home/imami/watermodel/sept9/sim
Process ID:   38195
Command line:
  gmx mdrun -s eql.tpr -o eql.trr -x eql.xtc -c eql.gro -e eql.edr -g eql.log

GROMACS version:    2023.1
Precision:          mixed
Memory model:       64 bit
MPI library:        thread_mpi
OpenMP support:     enabled (GMX_OPENMP_MAX_THREADS = 128)
GPU support:        disabled
SIMD instructions:  AVX2_256
CPU FFT library:    fftw-3.3.8-sse2-avx-avx2-avx2_128
GPU FFT library:    none
Multi-GPU FFT:      none
RDTSCP usage:       enabled
TNG support:        enabled
Hwloc support:      disabled
Tracing support:    disabled
C compiler:         /usr/bin/cc GNU 11.4.0
C compiler flags:   -fexcess-precision=fast -funroll-all-loops -mavx2 -mfma -Wno-missing-field-initializers -O3 -DNDEBUG
C++ compiler:       /usr/bin/c++ GNU 11.4.0
C++ compiler flags: -fexcess-precision=fast -funroll-all-loops -mavx2 -mfma -Wno-missing-field-initializers -Wno-cast-function-type-strict -fopenmp -O3 -DNDEBUG
BLAS library:       Internal
LAPACK library:     Internal


Running on 1 node with total 14 cores, 20 processing units
Hardware detected on host pop-os:
  CPU info:
    Vendor: Intel
    Brand:  12th Gen Intel(R) Core(TM) i7-12700H
    Family: 6   Model: 154   Stepping: 3
    Features: aes apic avx avx2 clfsh cmov cx8 cx16 f16c fma htt intel lahf mmx msr nonstop_tsc pcid pclmuldq pdcm pdpe1gb popcnt pse rdrnd rdtscp sha sse2 sse3 sse4.1 sse4.2 ssse3 tdt x2apic
  Hardware topology: Basic
    Packages, cores, and logical processors:
    [indices refer to OS logical processors]
      Package  0: [   0   1] [   2   3] [   4   5] [   6   7] [   8   9] [  10  11] [  12] [  13] [  14] [  15] [  16] [  17] [  18] [  19]
    CPU limit set by OS: -1   Recommended max number of threads: 20


++++ PLEASE READ AND CITE THE FOLLOWING REFERENCE ++++
M. J. Abraham, T. Murtola, R. Schulz, S. Páll, J. C. Smith, B. Hess, E.
Lindahl
GROMACS: High performance molecular simulations through multi-level
parallelism from laptops to supercomputers
SoftwareX 1 (2015) pp. 19-25
-------- -------- --- Thank You --- -------- --------


++++ PLEASE READ AND CITE THE FOLLOWING REFERENCE ++++
S. Páll, M. J. Abraham, C. Kutzner, B. Hess, E. Lindahl
Tackling Exascale Software Challenges in Molecular Dynamics Simulations with
GROMACS
In S. Markidis & E. Laure (Eds.), Solving Software Challenges for Exascale 8759 (2015) pp. 3-27
-------- -------- --- Thank You --- -------- --------


++++ PLEASE READ AND CITE THE FOLLOWING REFERENCE ++++
S. Pronk, S. Páll, R. Schulz, P. Larsson, P. Bjelkmar, R. Apostolov, M. R.
Shirts, J. C. Smith, P. M. Kasson, D. van der Spoel, B. Hess, and E. Lindahl
GROMACS 4.5: a high-throughput and highly parallel open source molecular
simulation toolkit
Bioinformatics 29 (2013) pp. 845-54
-------- -------- --- Thank You --- -------- --------


++++ PLEASE READ AND CITE THE FOLLOWING REFERENCE ++++
B. Hess and C. Kutzner and D. van der Spoel and E. Lindahl
GROMACS 4: Algorithms for highly efficient, load-balanced, and scalable
molecular simulation
J. Chem. Theory Comput. 4 (2008) pp. 435-447
-------- -------- --- Thank You --- -------- --------


++++ PLEASE READ AND CITE THE FOLLOWING REFERENCE ++++
D. van der Spoel, E. Lindahl, B. Hess, G. Groenhof, A. E. Mark and H. J. C.
Berendsen
GROMACS: Fast, Flexible and Free
J. Comp. Chem. 26 (2005) pp. 1701-1719
-------- -------- --- Thank You --- -------- --------


++++ PLEASE READ AND CITE THE FOLLOWING REFERENCE ++++
E. Lindahl and B. Hess and D. van der Spoel
GROMACS 3.0: A package for molecular simulation and trajectory analysis
J. Mol. Mod. 7 (2001) pp. 306-317
-------- -------- --- Thank You --- -------- --------


++++ PLEASE READ AND CITE THE FOLLOWING REFERENCE ++++
H. J. C. Berendsen, D. van der Spoel and R. van Drunen
GROMACS: A message-passing parallel molecular dynamics implementation
Comp. Phys. Comm. 91 (1995) pp. 43-56
-------- -------- --- Thank You --- -------- --------


++++ PLEASE CITE THE DOI FOR THIS VERSION OF GROMACS ++++
https://doi.org/10.5281/zenodo.7852175
-------- -------- --- Thank You --- -------- --------

Input Parameters:
   integrator                     = md
   tinit                          = 0
   dt                             = 0.002
   nsteps                         = 50000
   init-step                      = 0
   simulation-part                = 1
   mts                            = false
   comm-mode                      = Linear
   nstcomm                        = 100
   bd-fric                        = 0
   ld-seed                        = -537927703
   emtol                          = 10
   emstep                         = 0.01
   niter                          = 20
   fcstep                         = 0
   nstcgsteep                     = 1000
   nbfgscorr                      = 10
   rtpi                           = 0.05
   nstxout                        = 0
   nstvout                        = 0
   nstfout                        = 0
   nstlog                         = 2000
   nstcalcenergy                  = 100
   nstenergy                      = 200
   nstxout-compressed             = 10000
   compressed-x-precision         = 1000
   cutoff-scheme                  = Verlet
   nstlist                        = 10
   pbc                            = xyz
   periodic-molecules             = false
   verlet-buffer-tolerance        = 0.005
   rlist                          = 1.001
   coulombtype                    = PME
   coulomb-modifier               = Potential-shift
   rcoulomb-switch                = 0
   rcoulomb                       = 1
   epsilon-r                      = 1
   epsilon-rf                     = inf
   vdw-type                       = Cut-off
   vdw-modifier                   = Potential-shift
   rvdw-switch                    = 0
   rvdw                           = 1
   DispCorr                       = EnerPres
   table-extension                = 1
   fourierspacing                 = 0.12
   fourier-nx                     = 24
   fourier-ny                     = 24
   fourier-nz                     = 24
   pme-order                      = 4
   ewald-rtol                     = 1e-05
   ewald-rtol-lj                  = 0.001
   lj-pme-comb-rule               = Geometric
   ewald-geometry                 = 3d
   epsilon-surface                = 0
   ensemble-temperature-setting   = constant
   ensemble-temperature           = 298.15
   tcoupl                         = Nose-Hoover
   nsttcouple                     = 50
   nh-chain-length                = 1
   print-nose-hoover-chain-variables = false
   pcoupl                         = No
   pcoupltype                     = Isotropic
   nstpcouple                     = -1
   tau-p                          = 1
   compressibility (3x3):
      compressibility[    0]={ 0.00000e+00,  0.00000e+00,  0.00000e+00}
      compressibility[    1]={ 0.00000e+00,  0.00000e+00,  0.00000e+00}
      compressibility[    2]={ 0.00000e+00,  0.00000e+00,  0.00000e+00}
   ref-p (3x3):
      ref-p[    0]={ 0.00000e+00,  0.00000e+00,  0.00000e+00}
      ref-p[    1]={ 0.00000e+00,  0.00000e+00,  0.00000e+00}
      ref-p[    2]={ 0.00000e+00,  0.00000e+00,  0.00000e+00}
   refcoord-scaling               = No
   posres-com (3):
      posres-com[0]= 0.00000e+00
      posres-com[1]= 0.00000e+00
      posres-com[2]= 0.00000e+00
   posres-comB (3):
      posres-comB[0]= 0.00000e+00
      posres-comB[1]= 0.00000e+00
      posres-comB[2]= 0.00000e+00
   QMMM                           = false
qm-opts:
   ngQM                           = 0
   constraint-algorithm           = Lincs
   continuation                   = false
   Shake-SOR                      = false
   shake-tol                      = 0.0001
   lincs-order                    = 4
   lincs-iter                     = 1
   lincs-warnangle                = 30
   nwall                          = 0
   wall-type                      = 9-3
   wall-r-linpot                  = -1
   wall-atomtype[0]               = -1
   wall-atomtype[1]               = -1
   wall-density[0]                = 0
   wall-density[1]                = 0
   wall-ewald-zfac                = 3
   pull                           = false
   awh                            = false
   rotation                       = false
   interactiveMD                  = false
   disre                          = No
   disre-weighting                = Conservative
   disre-mixed                    = false
   dr-fc                          = 1000
   dr-tau                         = 0
   nstdisreout                    = 100
   orire-fc                       = 0
   orire-tau                      = 0
   nstorireout                    = 100
   free-energy                    = no
   cos-acceleration               = 0
   deform (3x3):
      deform[    0]={ 0.00000e+00,  0.00000e+00,  0.00000e+00}
      deform[    1]={ 0.00000e+00,  0.00000e+00,  0.00000e+00}
      deform[    2]={ 0.00000e+00,  0.00000e+00,  0.00000e+00}
   simulated-tempering            = false
   swapcoords                     = no
   userint1                       = 0
   userint2                       = 0
   userint3                       = 0
   userint4                       = 0
   userreal1                      = 0
   userreal2                      = 0
   userreal3                      = 0
   userreal4                      = 0
   applied-forces:
     electric-field:
       x:
         E0                       = 0
         omega                    = 0
         t0                       = 0
         sigma                    = 0
       y:
         E0                       = 0
         omega                    = 0
         t0                       = 0
         sigma                    = 0
       z:
         E0                       = 0
         omega                    = 0
         t0                       = 0
         sigma                    = 0
     density-guided-simulation:
       active                     = false
       group                      = protein
       similarity-measure         = inner-product
       atom-spreading-weight      = unity
       force-constant             = 1e+09
       gaussian-transform-spreading-width = 0.2
       gaussian-transform-spreading-range-in-multiples-of-width = 4
       reference-density-filename = reference.mrc
       nst                        = 1
       normalize-densities        = true
       adaptive-force-scaling     = false
       adaptive-force-scaling-time-constant = 4
       shift-vector               = 
       transformation-matrix      = 
     qmmm-cp2k:
       active                     = false
       qmgroup                    = System
       qmmethod                   = PBE
       qmfilenames                = 
       qmcharge                   = 0
       qmmultiplicity             = 1
grpopts:
   nrdf:        3549
   ref-t:      298.15
   tau-t:           2
annealing:          No
annealing-npoints:           0
   acc:	           0           0           0
   nfreeze:           N           N           N
   energygrp-flags[  0]: 0

Changing nstlist from 10 to 40, rlist from 1.001 to 1.1

Update task can not run on the GPU, because the following condition(s) were not satisfied:

Either PME or short-ranged non-bonded interaction tasks must run on the GPU.
Compatible GPUs must have been found.
Only CUDA and SYCL builds are supported.
Nose-Hoover temperature coupling is not supported.
Virtual sites are not supported.
The number of coupled constraints is higher than supported in the GPU LINCS code.
Chosen GPU implementation does not support constraints.

Initializing Domain Decomposition on 20 ranks
Dynamic load balancing: auto
Using update groups, nr 592, average size 4.0 atoms, max. radius 0.078 nm
Minimum cell size due to atom displacement: 0.244 nm
Scaling the initial minimum size with 1/0.8 (option -dds) = 1.25
Guess for relative PME load: 0.16
Will use 16 particle-particle and 4 PME only ranks
This is a guess, check the performance at the end of the log file
Using 4 separate PME ranks, as guessed by mdrun
Optimizing the DD grid for 16 cells with a minimum initial size of 0.305 nm
The maximum allowed number of cells is: X 8 Y 8 Z 8
Domain decomposition grid 4 x 4 x 1, separate PME ranks 4
PME domain decomposition: 4 x 1 x 1
Interleaving PP and PME ranks
This rank does only particle-particle work.
Domain decomposition rank 0, coordinates 0 0 0

The initial number of communication pulses is: X 2 Y 2
The initial domain decomposition cell size is: X 0.65 nm Y 0.65 nm

When dynamic load balancing gets turned on, these settings will change to:
The maximum number of communication pulses is: X 3 Y 3
The minimum size for domain decomposition cells is 0.419 nm
The requested allowed shrink of DD cells (option -dds) is: 0.80
The allowed shrink of domain decomposition cells is: X 0.64 Y 0.64

Using 20 MPI threads
Using 1 OpenMP thread per tMPI thread

System total charge: 0.000
Will do PME sum in reciprocal space for electrostatic interactions.

++++ PLEASE READ AND CITE THE FOLLOWING REFERENCE ++++
U. Essmann, L. Perera, M. L. Berkowitz, T. Darden, H. Lee and L. G. Pedersen 
A smooth particle mesh Ewald method
J. Chem. Phys. 103 (1995) pp. 8577-8592
-------- -------- --- Thank You --- -------- --------

Using a Gaussian width (1/beta) of 0.320163 nm for Ewald
Potential shift: LJ r^-12: -1.000e+00 r^-6: -1.000e+00, Ewald -1.000e-05
Initialized non-bonded Coulomb Ewald tables, spacing: 9.33e-04 size: 1073

Long Range LJ corr.: <C6> 1.7091e-04


Using SIMD 4x8 nonbonded short-range kernels

Using a dual 4x8 pair-list setup updated with dynamic pruning:
  outer list: updated every 40 steps, buffer 0.100 nm, rlist 1.100 nm
  inner list: updated every 10 steps, buffer 0.001 nm, rlist 1.001 nm
At tolerance 0.005 kJ/mol/ps per atom, equivalent classical 1x1 list would be:
  outer list: updated every 40 steps, buffer 0.214 nm, rlist 1.214 nm
  inner list: updated every 10 steps, buffer 0.038 nm, rlist 1.038 nm

Using Geometric Lennard-Jones combination rule
Removing pbc first time

Linking all bonded interactions to atoms


Pinning threads with an auto-selected logical cpu stride of 1

++++ PLEASE READ AND CITE THE FOLLOWING REFERENCE ++++
S. Miyamoto and P. A. Kollman
SETTLE: An Analytical Version of the SHAKE and RATTLE Algorithms for Rigid
Water Models
J. Comp. Chem. 13 (1992) pp. 952-962
-------- -------- --- Thank You --- -------- --------

Intra-simulation communication will occur every 50 steps.
There are: 1776 Atoms
There are: 592 VSites
Atom distribution over 16 domains: av 148 stddev 13 min 132 max 184

Constraining the starting coordinates (step 0)

Constraining the coordinates at t0-dt (step 0)
Center of mass motion removal mode is Linear
We have the following groups for center of mass motion removal:
  0:  rest
RMS relative constraint deviation after constraining: 0.00e+00
Initial temperature: 299.62 K

Started mdrun on rank 0 Fri Sep  8 21:37:45 2023

           Step           Time
              0        0.00000

   Energies (kJ/mol)
        LJ (SR)  Disper. corr.   Coulomb (SR)   Coul. recip.      Potential
    6.92021e+03   -2.28195e+02   -3.95988e+04    6.34865e+01   -3.28433e+04
    Kinetic En.   Total Energy  Conserved En.    Temperature Pres. DC (bar)
    4.42007e+03   -2.84233e+04   -2.84233e+04    2.99584e+02   -2.15785e+02
 Pressure (bar)
   -1.96236e+03


DD  step 39 load imb.: force 41.9%  pme mesh/force 0.622

step 80 Turning on dynamic load balancing, because the performance loss due to load imbalance is 9.4 %.

DD  step 1999  vol min/aver 0.699  load imb.: force 12.7%  pme mesh/force 0.523
           Step           Time
           2000        4.00000

   Energies (kJ/mol)
        LJ (SR)  Disper. corr.   Coulomb (SR)   Coul. recip.      Potential
    4.91946e+03   -2.28195e+02   -3.20475e+04    1.46830e+02   -2.72094e+04
    Kinetic En.   Total Energy  Conserved En.    Temperature Pres. DC (bar)
    4.31350e+03   -2.28959e+04   -2.50705e+04    2.92361e+02   -2.15785e+02
 Pressure (bar)
   -5.39824e+02


DD  step 3999  vol min/aver 0.576  load imb.: force 18.1%  pme mesh/force 0.563
           Step           Time
           4000        8.00000

   Energies (kJ/mol)
        LJ (SR)  Disper. corr.   Coulomb (SR)   Coul. recip.      Potential
    4.62314e+03   -2.28195e+02   -2.95711e+04    1.68234e+02   -2.50079e+04
    Kinetic En.   Total Energy  Conserved En.    Temperature Pres. DC (bar)
    5.51373e+03   -1.94942e+04   -2.23207e+04    3.73710e+02   -2.15785e+02
 Pressure (bar)
    1.71790e+03


DD  step 5999  vol min/aver 0.649  load imb.: force 13.1%  pme mesh/force 1.589
           Step           Time
           6000       12.00000

   Energies (kJ/mol)
        LJ (SR)  Disper. corr.   Coulomb (SR)   Coul. recip.      Potential
    5.63156e+03   -2.28195e+02   -3.39839e+04    1.17158e+02   -2.84633e+04
    Kinetic En.   Total Energy  Conserved En.    Temperature Pres. DC (bar)
    3.82987e+03   -2.46335e+04   -2.17404e+04    2.59582e+02   -2.15785e+02
 Pressure (bar)
   -1.84222e+02


DD  step 7999  vol min/aver 0.669  load imb.: force  8.4%  pme mesh/force 0.541
           Step           Time
           8000       16.00000

   Energies (kJ/mol)
        LJ (SR)  Disper. corr.   Coulomb (SR)   Coul. recip.      Potential
    5.12629e+03   -2.28195e+02   -3.27292e+04    1.30998e+02   -2.77001e+04
    Kinetic En.   Total Energy  Conserved En.    Temperature Pres. DC (bar)
    4.30161e+03   -2.33985e+04   -2.16988e+04    2.91555e+02   -2.15785e+02
 Pressure (bar)
   -6.08640e+02


DD  load balancing is limited by minimum cell size in dimension Y
DD  step 9999  vol min/aver 0.754! load imb.: force 11.2%  pme mesh/force 0.562
           Step           Time
          10000       20.00000

   Energies (kJ/mol)
        LJ (SR)  Disper. corr.   Coulomb (SR)   Coul. recip.      Potential
    5.25224e+03   -2.28195e+02   -3.20924e+04    1.62884e+02   -2.69055e+04
    Kinetic En.   Total Energy  Conserved En.    Temperature Pres. DC (bar)
    4.72340e+03   -2.21821e+04   -2.14075e+04    3.20143e+02   -2.15785e+02
 Pressure (bar)
    1.02040e+03


DD  step 11999  vol min/aver 0.693  load imb.: force 19.4%  pme mesh/force 0.514
           Step           Time
          12000       24.00000

   Energies (kJ/mol)
        LJ (SR)  Disper. corr.   Coulomb (SR)   Coul. recip.      Potential
    5.44729e+03   -2.28195e+02   -3.28510e+04    1.37352e+02   -2.74945e+04
    Kinetic En.   Total Energy  Conserved En.    Temperature Pres. DC (bar)
    4.35412e+03   -2.31404e+04   -2.13521e+04    2.95114e+02   -2.15785e+02
 Pressure (bar)
    6.48335e+02


DD  step 13999  vol min/aver 0.700  load imb.: force 13.0%  pme mesh/force 0.588
           Step           Time
          14000       28.00000

   Energies (kJ/mol)
        LJ (SR)  Disper. corr.   Coulomb (SR)   Coul. recip.      Potential
    5.60283e+03   -2.28195e+02   -3.36459e+04    1.21050e+02   -2.81502e+04
    Kinetic En.   Total Energy  Conserved En.    Temperature Pres. DC (bar)
    4.35081e+03   -2.37994e+04   -2.13604e+04    2.94890e+02   -2.15785e+02
 Pressure (bar)
    2.52473e+02


DD  step 15999  vol min/aver 0.645  load imb.: force 17.1%  pme mesh/force 0.496
           Step           Time
          16000       32.00000

   Energies (kJ/mol)
        LJ (SR)  Disper. corr.   Coulomb (SR)   Coul. recip.      Potential
    5.55554e+03   -2.28195e+02   -3.28140e+04    1.36311e+02   -2.73503e+04
    Kinetic En.   Total Energy  Conserved En.    Temperature Pres. DC (bar)
    4.29958e+03   -2.30507e+04   -2.13845e+04    2.91418e+02   -2.15785e+02
 Pressure (bar)
    9.00351e+02


DD  step 17999  vol min/aver 0.699  load imb.: force 13.8%  pme mesh/force 0.521
           Step           Time
          18000       36.00000

   Energies (kJ/mol)
        LJ (SR)  Disper. corr.   Coulomb (SR)   Coul. recip.      Potential
    5.69865e+03   -2.28195e+02   -3.30358e+04    1.37243e+02   -2.74281e+04
    Kinetic En.   Total Energy  Conserved En.    Temperature Pres. DC (bar)
    4.44416e+03   -2.29839e+04   -2.12792e+04    3.01217e+02   -2.15785e+02
 Pressure (bar)
    1.46695e+03


DD  step 19999  vol min/aver 0.662  load imb.: force 18.5%  pme mesh/force 0.495
           Step           Time
          20000       40.00000

   Energies (kJ/mol)
        LJ (SR)  Disper. corr.   Coulomb (SR)   Coul. recip.      Potential
    5.21836e+03   -2.28195e+02   -3.24345e+04    1.41401e+02   -2.73029e+04
    Kinetic En.   Total Energy  Conserved En.    Temperature Pres. DC (bar)
    4.54681e+03   -2.27561e+04   -2.13506e+04    3.08174e+02   -2.15785e+02
 Pressure (bar)
    5.02276e+02


DD  load balancing is limited by minimum cell size in dimension Y
DD  step 21999  vol min/aver 0.619! load imb.: force 228.6%  pme mesh/force 0.095
           Step           Time
          22000       44.00000

   Energies (kJ/mol)
        LJ (SR)  Disper. corr.   Coulomb (SR)   Coul. recip.      Potential
    5.43671e+03   -2.28195e+02   -3.28466e+04    1.30104e+02   -2.75079e+04
    Kinetic En.   Total Energy  Conserved En.    Temperature Pres. DC (bar)
    4.09479e+03   -2.34131e+04   -2.13136e+04    2.77537e+02   -2.15785e+02
 Pressure (bar)
    6.12730e+02


DD  step 23999  vol min/aver 0.584  load imb.: force 31.3%  pme mesh/force 0.500
           Step           Time
          24000       48.00000

   Energies (kJ/mol)
        LJ (SR)  Disper. corr.   Coulomb (SR)   Coul. recip.      Potential
    5.46085e+03   -2.28195e+02   -3.30971e+04    1.30401e+02   -2.77340e+04
    Kinetic En.   Total Energy  Conserved En.    Temperature Pres. DC (bar)
    4.45155e+03   -2.32825e+04   -2.13625e+04    3.01718e+02   -2.15785e+02
 Pressure (bar)
    2.28582e+02


DD  step 25999  vol min/aver 0.639  load imb.: force 10.7%  pme mesh/force 0.550
           Step           Time
          26000       52.00000

   Energies (kJ/mol)
        LJ (SR)  Disper. corr.   Coulomb (SR)   Coul. recip.      Potential
    5.55079e+03   -2.28195e+02   -3.26539e+04    1.45014e+02   -2.71863e+04
    Kinetic En.   Total Energy  Conserved En.    Temperature Pres. DC (bar)
    4.36364e+03   -2.28227e+04   -2.12920e+04    2.95759e+02   -2.15785e+02
 Pressure (bar)
    1.36513e+03


DD  load balancing is limited by minimum cell size in dimension Y
DD  step 27999  vol min/aver 0.674! load imb.: force 42.2%  pme mesh/force 0.385
           Step           Time
          28000       56.00000

   Energies (kJ/mol)
        LJ (SR)  Disper. corr.   Coulomb (SR)   Coul. recip.      Potential
    5.42777e+03   -2.28195e+02   -3.29700e+04    1.36415e+02   -2.76340e+04
    Kinetic En.   Total Energy  Conserved En.    Temperature Pres. DC (bar)
    4.30996e+03   -2.33240e+04   -2.13232e+04    2.92121e+02   -2.15785e+02
 Pressure (bar)
    3.87836e+02


DD  load balancing is limited by minimum cell size in dimension Y
DD  step 29999  vol min/aver 0.712! load imb.: force 15.9%  pme mesh/force 0.542
           Step           Time
          30000       60.00000

   Energies (kJ/mol)
        LJ (SR)  Disper. corr.   Coulomb (SR)   Coul. recip.      Potential
    5.48628e+03   -2.28195e+02   -3.26965e+04    1.36093e+02   -2.73023e+04
    Kinetic En.   Total Energy  Conserved En.    Temperature Pres. DC (bar)
    4.43406e+03   -2.28683e+04   -2.12979e+04    3.00532e+02   -2.15785e+02
 Pressure (bar)
    7.29680e+02


DD  load balancing is limited by minimum cell size in dimension Y
DD  step 31999  vol min/aver 0.736! load imb.: force 49.2%  pme mesh/force 0.448
           Step           Time
          32000       64.00000

   Energies (kJ/mol)
        LJ (SR)  Disper. corr.   Coulomb (SR)   Coul. recip.      Potential
    5.76062e+03   -2.28195e+02   -3.31649e+04    1.36799e+02   -2.74957e+04
    Kinetic En.   Total Energy  Conserved En.    Temperature Pres. DC (bar)
    4.33532e+03   -2.31604e+04   -2.12472e+04    2.93840e+02   -2.15785e+02
 Pressure (bar)
    1.60594e+03


DD  step 33999  vol min/aver 0.648  load imb.: force 10.6%  pme mesh/force 0.515
           Step           Time
          34000       68.00000

   Energies (kJ/mol)
        LJ (SR)  Disper. corr.   Coulomb (SR)   Coul. recip.      Potential
    5.62596e+03   -2.28195e+02   -3.32229e+04    1.28952e+02   -2.76961e+04
    Kinetic En.   Total Energy  Conserved En.    Temperature Pres. DC (bar)
    4.46650e+03   -2.32296e+04   -2.12469e+04    3.02731e+02   -2.15785e+02
 Pressure (bar)
    1.00203e+03


DD  step 35999  vol min/aver 0.663  load imb.: force 21.5%  pme mesh/force 0.443
           Step           Time
          36000       72.00000

   Energies (kJ/mol)
        LJ (SR)  Disper. corr.   Coulomb (SR)   Coul. recip.      Potential
    5.20644e+03   -2.28195e+02   -3.31485e+04    1.35768e+02   -2.80345e+04
    Kinetic En.   Total Energy  Conserved En.    Temperature Pres. DC (bar)
    4.36725e+03   -2.36673e+04   -2.12496e+04    2.96004e+02   -2.15785e+02
 Pressure (bar)
   -8.74979e+02


DD  step 37999  vol min/aver 0.723  load imb.: force 15.1%  pme mesh/force 0.465
           Step           Time
          38000       76.00000

   Energies (kJ/mol)
        LJ (SR)  Disper. corr.   Coulomb (SR)   Coul. recip.      Potential
    5.27963e+03   -2.28195e+02   -3.28200e+04    1.47365e+02   -2.76212e+04
    Kinetic En.   Total Energy  Conserved En.    Temperature Pres. DC (bar)
    4.30887e+03   -2.33124e+04   -2.12943e+04    2.92047e+02   -2.15785e+02
 Pressure (bar)
   -1.15889e+02


DD  load balancing is limited by minimum cell size in dimension Y
DD  step 39999  vol min/aver 0.678! load imb.: force 11.4%  pme mesh/force 0.481
           Step           Time
          40000       80.00000

   Energies (kJ/mol)
        LJ (SR)  Disper. corr.   Coulomb (SR)   Coul. recip.      Potential
    5.45608e+03   -2.28195e+02   -3.28803e+04    1.49040e+02   -2.75034e+04
    Kinetic En.   Total Energy  Conserved En.    Temperature Pres. DC (bar)
    4.40004e+03   -2.31034e+04   -2.11937e+04    2.98226e+02   -2.15785e+02
 Pressure (bar)
    6.44730e+02


DD  step 41999  vol min/aver 0.699  load imb.: force 14.4%  pme mesh/force 0.551
           Step           Time
          42000       84.00000

   Energies (kJ/mol)
        LJ (SR)  Disper. corr.   Coulomb (SR)   Coul. recip.      Potential
    5.39127e+03   -2.28195e+02   -3.27809e+04    1.31502e+02   -2.74863e+04
    Kinetic En.   Total Energy  Conserved En.    Temperature Pres. DC (bar)
    4.33744e+03   -2.31489e+04   -2.12416e+04    2.93984e+02   -2.15785e+02
 Pressure (bar)
    5.46214e+02


DD  step 43999  vol min/aver 0.715  load imb.: force 16.6%  pme mesh/force 0.543
           Step           Time
          44000       88.00000

   Energies (kJ/mol)
        LJ (SR)  Disper. corr.   Coulomb (SR)   Coul. recip.      Potential
    5.15109e+03   -2.28195e+02   -3.25654e+04    1.30000e+02   -2.75125e+04
    Kinetic En.   Total Energy  Conserved En.    Temperature Pres. DC (bar)
    4.45748e+03   -2.30551e+04   -2.12684e+04    3.02120e+02   -2.15785e+02
 Pressure (bar)
   -1.37861e+02


DD  step 45999  vol min/aver 0.645  load imb.: force  8.6%  pme mesh/force 0.255
           Step           Time
          46000       92.00000

   Energies (kJ/mol)
        LJ (SR)  Disper. corr.   Coulomb (SR)   Coul. recip.      Potential
    5.17703e+03   -2.28195e+02   -3.23598e+04    1.44994e+02   -2.72660e+04
    Kinetic En.   Total Energy  Conserved En.    Temperature Pres. DC (bar)
    4.69326e+03   -2.25727e+04   -2.12122e+04    3.18101e+02   -2.15785e+02
 Pressure (bar)
    1.59182e+02


DD  load balancing is limited by minimum cell size in dimension Y
DD  step 47999  vol min/aver 0.692! load imb.: force 12.7%  pme mesh/force 0.561
           Step           Time
          48000       96.00000

   Energies (kJ/mol)
        LJ (SR)  Disper. corr.   Coulomb (SR)   Coul. recip.      Potential
    5.17328e+03   -2.28195e+02   -3.27293e+04    1.16480e+02   -2.76677e+04
    Kinetic En.   Total Energy  Conserved En.    Temperature Pres. DC (bar)
    4.24826e+03   -2.34195e+04   -2.11879e+04    2.87939e+02   -2.15785e+02
 Pressure (bar)
   -2.91740e+02


DD  step 49999  vol min/aver 0.702  load imb.: force 15.7%  pme mesh/force 0.328
           Step           Time
          50000      100.00000

Writing checkpoint, step 50000 at Fri Sep  8 21:38:11 2023


   Energies (kJ/mol)
        LJ (SR)  Disper. corr.   Coulomb (SR)   Coul. recip.      Potential
    5.22422e+03   -2.28195e+02   -3.27110e+04    1.11924e+02   -2.76031e+04
    Kinetic En.   Total Energy  Conserved En.    Temperature Pres. DC (bar)
    4.40176e+03   -2.32013e+04   -2.12222e+04    2.98343e+02   -2.15785e+02
 Pressure (bar)
   -2.46631e+02


Energy conservation over simulation part #1 of length 100 ps, time 0 to 100 ps
  Conserved energy drift: 3.04e-02 kJ/mol/ps per atom


	<======  ###############  ==>
	<====  A V E R A G E S  ====>
	<==  ###############  ======>

	Statistics over 50001 steps using 501 frames

   Energies (kJ/mol)
        LJ (SR)  Disper. corr.   Coulomb (SR)   Coul. recip.      Potential
    5.32880e+03   -2.28195e+02   -3.27453e+04    1.37148e+02   -2.75075e+04
    Kinetic En.   Total Energy  Conserved En.    Temperature Pres. DC (bar)
    4.39903e+03   -2.31085e+04   -2.16328e+04    2.98158e+02   -2.15785e+02
 Pressure (bar)
    2.38373e+02

   Total Virial (kJ/mol)
    1.33266e+03   -1.49981e+01   -1.32201e+01
   -1.50065e+01    1.33849e+03    1.67135e+01
   -1.32333e+01    1.66871e+01    1.34943e+03

   Pressure (bar)
    2.50677e+02    2.38637e+01    2.23162e+01
    2.38794e+01    2.39072e+02   -3.69123e+01
    2.23410e+01   -3.68625e+01    2.25371e+02


	M E G A - F L O P S   A C C O U N T I N G

 NB=Group-cutoff nonbonded kernels    NxN=N-by-N cluster Verlet kernels
 RF=Reaction-Field  VdW=Van der Waals  QSTab=quadratic-spline table
 W3=SPC/TIP3p  W4=TIP4p (single or pairs)
 V&F=Potential and force  V=Potential only  F=Force only

 Computing:                               M-Number         M-Flops  % Flops
-----------------------------------------------------------------------------
 Pair Search distance check            1512.679728       13614.118     0.2
 NxN Ewald Elec. + LJ [F]             43390.482688     2863771.857    49.1
 NxN Ewald Elec. + LJ [V&F]             438.975984       46970.430     0.8
 NxN LJ [F]                              57.467616        1896.431     0.0
 NxN LJ [V&F]                             0.574208          24.691     0.0
 NxN Ewald Elec. [F]                  43142.464352     2631690.325    45.1
 NxN Ewald Elec. [V&F]                  436.532912       36668.765     0.6
 Calc Weights                           355.207104       12787.456     0.2
 Spread Q Bspline                      7577.751552       15155.503     0.3
 Gather F Bspline                      7577.751552       45466.509     0.8
 3D-FFT                               19015.080294      152120.642     2.6
 Solve PME                               28.800576        1843.237     0.0
 Reset In Box                             2.962368           8.887     0.0
 CG-CoM                                   2.964736           8.894     0.0
 Virial                                   1.547088          27.848     0.0
 Stop-CM                                  1.188736          11.887     0.0
 Calc-Ekin                                4.740736         128.000     0.0
 Constraint-V                            88.803552         799.232     0.0
 Constraint-Vir                           0.889776          21.355     0.0
 Settle                                  29.601776       10952.657     0.2
 Virtual Site 3                          29.897184        1106.196     0.0
-----------------------------------------------------------------------------
 Total                                                 5835074.921   100.0
-----------------------------------------------------------------------------


    D O M A I N   D E C O M P O S I T I O N   S T A T I S T I C S

 av. #atoms communicated per step for force:  2 x 14877.6


Dynamic load balancing report:
 DLB was turned on during the run due to measured imbalance.
 Average load imbalance: 21.7%.
 The balanceable part of the MD step is 54%, load imbalance is computed from this.
 Part of the total run time spent waiting due to load imbalance: 11.7%.
 Steps where the load balancing was limited by -rdd, -rcon and/or -dds: X 0 % Y 0 %
 Average PME mesh/force load: 0.481
 Part of the total run time spent waiting due to PP/PME imbalance: 8.7 %

NOTE: 11.7 % of the available CPU time was lost due to load imbalance
      in the domain decomposition.
      You can consider manually changing the decomposition (option -dd);
      e.g. by using fewer domains along the box dimension in which there is
      considerable inhomogeneity in the simulated system.
NOTE: 8.7 % performance was lost because the PME ranks
      had less work to do than the PP ranks.
      You might want to decrease the number of PME ranks
      or decrease the cut-off and the grid spacing.


      R E A L   C Y C L E   A N D   T I M E   A C C O U N T I N G

On 16 MPI ranks doing PP, and
on 4 MPI ranks doing PME

 Activity:              Num   Num      Call    Wall time         Giga-Cycles
                        Ranks Threads  Count      (s)         total sum    %
--------------------------------------------------------------------------------
 Domain decomp.           16    1       1251       0.504         21.693   1.5
 DD comm. load            16    1        435       0.023          0.984   0.1
 DD comm. bounds          16    1        417       0.034          1.456   0.1
 Vsite constr.            16    1      50001       0.027          1.141   0.1
 Send X to PME            16    1      50001       1.322         56.853   4.0
 Neighbor search          16    1       1251       0.603         25.929   1.8
 Comm. coord.             16    1      48750       2.259         97.145   6.8
 Force                    16    1      50001      12.038        517.724  36.5
 Wait + Comm. F           16    1      50001       8.274        355.859  25.1
 PME mesh *                4    1      50001       9.638        103.622   7.3
 PME wait for PP *                                16.761        180.213  12.7
 Wait + Recv. PME F       16    1      50001       0.386         16.614   1.2
 NB X/F buffer ops.       16    1     147501       0.439         18.900   1.3
 Vsite spread             16    1      50502       0.031          1.333   0.1
 Write traj.              16    1          6       0.002          0.073   0.0
 Update                   16    1      50001       0.104          4.457   0.3
 Constraints              16    1      50003       0.112          4.802   0.3
 Comm. energies           16    1       1001       0.124          5.334   0.4
 Rest                                              0.117          5.046   0.4
--------------------------------------------------------------------------------
 Total                                            26.399       1419.176 100.0
--------------------------------------------------------------------------------
(*) Note that with separate PME ranks, the walltime column actually sums to
    twice the total reported, but the cycle count total and % are correct.
--------------------------------------------------------------------------------
 Breakdown of PME mesh activities
--------------------------------------------------------------------------------
 PME redist. X/F           4    1     100002       2.168         23.309   1.6
 PME spread                4    1      50001       2.164         23.267   1.6
 PME gather                4    1      50001       1.808         19.437   1.4
 PME 3D-FFT                4    1     100002       2.458         26.433   1.9
 PME 3D-FFT Comm.          4    1     100002       0.559          6.011   0.4
 PME solve Elec            4    1      50001       0.436          4.689   0.3
--------------------------------------------------------------------------------

               Core t (s)   Wall t (s)        (%)
       Time:      527.968       26.399     2000.0
                 (ns/day)    (hour/ns)
Performance:      327.292        0.073
Finished mdrun on rank 0 Fri Sep  8 21:38:11 2023

