                      :-) GROMACS - gmx mdrun, 2023.1 (-:

Copyright 1991-2023 The GROMACS Authors.
GROMACS is free software; you can redistribute it and/or modify it
under the terms of the GNU Lesser General Public License
as published by the Free Software Foundation; either version 2.1
of the License, or (at your option) any later version.

                         Current GROMACS contributors:
       Mark Abraham           Andrey Alekseenko           Cathrine Bergh      
      Christian Blau            Eliane Briand             Mahesh Doijade      
    Stefan Fleischmann           Vytas Gapsys              Gaurav Garg        
      Sergey Gorelov         Gilles Gouaillardet            Alan Gray         
     M. Eric Irrgang         Farzaneh Jalalypour            Joe Jordan        
    Christoph Junghans        Prashanth Kanduri          Sebastian Keller     
     Carsten Kutzner           Justin A. Lemkul          Magnus Lundborg      
       Pascal Merz              Vedran Miletic            Dmitry Morozov      
       Szilard Pall             Roland Schulz             Michael Shirts      
     Alexey Shvetsov            Balint Soproni         David van der Spoel    
      Philip Turner             Carsten Uphoff           Alessandra Villa     
 Sebastian Wingbermuehle        Artem Zhmurov       

                         Previous GROMACS contributors:
        Emile Apol             Rossen Apostolov           James Barnett       
  Herman J.C. Berendsen          Par Bjelkmar           Viacheslav Bolnykh    
        Kevin Boyd            Aldert van Buuren          Carlo Camilloni      
     Rudi van Drunen            Anton Feenstra           Oliver Fleetwood     
     Gerrit Groenhof            Bert de Groot             Anca Hamuraru       
    Vincent Hindriksen          Victor Holanda           Aleksei Iupinov      
   Dimitrios Karkoulis           Peter Kasson             Sebastian Kehl      
        Jiri Kraus               Per Larsson              Viveca Lindahl      
      Erik Marklund           Pieter Meulenhoff           Teemu Murtola       
       Sander Pronk             Alfons Sijbers            Peter Tieleman      
       Jon Vincent             Teemu Virolainen         Christian Wennberg    
       Maarten Wolf       

                  Coordinated by the GROMACS project leaders:
                    Paul Bauer, Berk Hess, and Erik Lindahl

GROMACS:      gmx mdrun, version 2023.1
Executable:   /usr/local/gromacs/bin/gmx
Data prefix:  /usr/local/gromacs
Working dir:  /home/imami/watermodel/aug23
Process ID:   10195
Command line:
  gmx mdrun -s eql.tpr -o eql.trr -x eql.xtc -c eql.gro -e eql.edr -g eql.log

GROMACS version:    2023.1
Precision:          mixed
Memory model:       64 bit
MPI library:        thread_mpi
OpenMP support:     enabled (GMX_OPENMP_MAX_THREADS = 128)
GPU support:        disabled
SIMD instructions:  AVX2_256
CPU FFT library:    fftw-3.3.8-sse2-avx-avx2-avx2_128
GPU FFT library:    none
Multi-GPU FFT:      none
RDTSCP usage:       enabled
TNG support:        enabled
Hwloc support:      disabled
Tracing support:    disabled
C compiler:         /usr/bin/cc GNU 11.4.0
C compiler flags:   -fexcess-precision=fast -funroll-all-loops -mavx2 -mfma -Wno-missing-field-initializers -O3 -DNDEBUG
C++ compiler:       /usr/bin/c++ GNU 11.4.0
C++ compiler flags: -fexcess-precision=fast -funroll-all-loops -mavx2 -mfma -Wno-missing-field-initializers -Wno-cast-function-type-strict -fopenmp -O3 -DNDEBUG
BLAS library:       Internal
LAPACK library:     Internal


Running on 1 node with total 14 cores, 20 processing units
Hardware detected on host pop-os:
  CPU info:
    Vendor: Intel
    Brand:  12th Gen Intel(R) Core(TM) i7-12700H
    Family: 6   Model: 154   Stepping: 3
    Features: aes apic avx avx2 clfsh cmov cx8 cx16 f16c fma htt intel lahf mmx msr nonstop_tsc pcid pclmuldq pdcm pdpe1gb popcnt pse rdrnd rdtscp sha sse2 sse3 sse4.1 sse4.2 ssse3 tdt x2apic
  Hardware topology: Basic
    Packages, cores, and logical processors:
    [indices refer to OS logical processors]
      Package  0: [   0   1] [   2   3] [   4   5] [   6   7] [   8   9] [  10  11] [  12] [  13] [  14] [  15] [  16] [  17] [  18] [  19]
    CPU limit set by OS: -1   Recommended max number of threads: 20


++++ PLEASE READ AND CITE THE FOLLOWING REFERENCE ++++
M. J. Abraham, T. Murtola, R. Schulz, S. Páll, J. C. Smith, B. Hess, E.
Lindahl
GROMACS: High performance molecular simulations through multi-level
parallelism from laptops to supercomputers
SoftwareX 1 (2015) pp. 19-25
-------- -------- --- Thank You --- -------- --------


++++ PLEASE READ AND CITE THE FOLLOWING REFERENCE ++++
S. Páll, M. J. Abraham, C. Kutzner, B. Hess, E. Lindahl
Tackling Exascale Software Challenges in Molecular Dynamics Simulations with
GROMACS
In S. Markidis & E. Laure (Eds.), Solving Software Challenges for Exascale 8759 (2015) pp. 3-27
-------- -------- --- Thank You --- -------- --------


++++ PLEASE READ AND CITE THE FOLLOWING REFERENCE ++++
S. Pronk, S. Páll, R. Schulz, P. Larsson, P. Bjelkmar, R. Apostolov, M. R.
Shirts, J. C. Smith, P. M. Kasson, D. van der Spoel, B. Hess, and E. Lindahl
GROMACS 4.5: a high-throughput and highly parallel open source molecular
simulation toolkit
Bioinformatics 29 (2013) pp. 845-54
-------- -------- --- Thank You --- -------- --------


++++ PLEASE READ AND CITE THE FOLLOWING REFERENCE ++++
B. Hess and C. Kutzner and D. van der Spoel and E. Lindahl
GROMACS 4: Algorithms for highly efficient, load-balanced, and scalable
molecular simulation
J. Chem. Theory Comput. 4 (2008) pp. 435-447
-------- -------- --- Thank You --- -------- --------


++++ PLEASE READ AND CITE THE FOLLOWING REFERENCE ++++
D. van der Spoel, E. Lindahl, B. Hess, G. Groenhof, A. E. Mark and H. J. C.
Berendsen
GROMACS: Fast, Flexible and Free
J. Comp. Chem. 26 (2005) pp. 1701-1719
-------- -------- --- Thank You --- -------- --------


++++ PLEASE READ AND CITE THE FOLLOWING REFERENCE ++++
E. Lindahl and B. Hess and D. van der Spoel
GROMACS 3.0: A package for molecular simulation and trajectory analysis
J. Mol. Mod. 7 (2001) pp. 306-317
-------- -------- --- Thank You --- -------- --------


++++ PLEASE READ AND CITE THE FOLLOWING REFERENCE ++++
H. J. C. Berendsen, D. van der Spoel and R. van Drunen
GROMACS: A message-passing parallel molecular dynamics implementation
Comp. Phys. Comm. 91 (1995) pp. 43-56
-------- -------- --- Thank You --- -------- --------


++++ PLEASE CITE THE DOI FOR THIS VERSION OF GROMACS ++++
https://doi.org/10.5281/zenodo.7852175
-------- -------- --- Thank You --- -------- --------

Input Parameters:
   integrator                     = md
   tinit                          = 0
   dt                             = 0.002
   nsteps                         = 50000
   init-step                      = 0
   simulation-part                = 1
   mts                            = false
   comm-mode                      = Linear
   nstcomm                        = 100
   bd-fric                        = 0
   ld-seed                        = -1268007969
   emtol                          = 10
   emstep                         = 0.01
   niter                          = 20
   fcstep                         = 0
   nstcgsteep                     = 1000
   nbfgscorr                      = 10
   rtpi                           = 0.05
   nstxout                        = 0
   nstvout                        = 0
   nstfout                        = 0
   nstlog                         = 2000
   nstcalcenergy                  = 100
   nstenergy                      = 200
   nstxout-compressed             = 10000
   compressed-x-precision         = 1000
   cutoff-scheme                  = Verlet
   nstlist                        = 10
   pbc                            = xyz
   periodic-molecules             = false
   verlet-buffer-tolerance        = 0.005
   rlist                          = 1.001
   coulombtype                    = PME
   coulomb-modifier               = Potential-shift
   rcoulomb-switch                = 0
   rcoulomb                       = 1
   epsilon-r                      = 1
   epsilon-rf                     = inf
   vdw-type                       = Cut-off
   vdw-modifier                   = Potential-shift
   rvdw-switch                    = 0
   rvdw                           = 1
   DispCorr                       = EnerPres
   table-extension                = 1
   fourierspacing                 = 0.12
   fourier-nx                     = 24
   fourier-ny                     = 24
   fourier-nz                     = 24
   pme-order                      = 4
   ewald-rtol                     = 1e-05
   ewald-rtol-lj                  = 0.001
   lj-pme-comb-rule               = Geometric
   ewald-geometry                 = 3d
   epsilon-surface                = 0
   ensemble-temperature-setting   = constant
   ensemble-temperature           = 298.15
   tcoupl                         = Nose-Hoover
   nsttcouple                     = 50
   nh-chain-length                = 1
   print-nose-hoover-chain-variables = false
   pcoupl                         = No
   pcoupltype                     = Isotropic
   nstpcouple                     = -1
   tau-p                          = 1
   compressibility (3x3):
      compressibility[    0]={ 0.00000e+00,  0.00000e+00,  0.00000e+00}
      compressibility[    1]={ 0.00000e+00,  0.00000e+00,  0.00000e+00}
      compressibility[    2]={ 0.00000e+00,  0.00000e+00,  0.00000e+00}
   ref-p (3x3):
      ref-p[    0]={ 0.00000e+00,  0.00000e+00,  0.00000e+00}
      ref-p[    1]={ 0.00000e+00,  0.00000e+00,  0.00000e+00}
      ref-p[    2]={ 0.00000e+00,  0.00000e+00,  0.00000e+00}
   refcoord-scaling               = No
   posres-com (3):
      posres-com[0]= 0.00000e+00
      posres-com[1]= 0.00000e+00
      posres-com[2]= 0.00000e+00
   posres-comB (3):
      posres-comB[0]= 0.00000e+00
      posres-comB[1]= 0.00000e+00
      posres-comB[2]= 0.00000e+00
   QMMM                           = false
qm-opts:
   ngQM                           = 0
   constraint-algorithm           = Lincs
   continuation                   = false
   Shake-SOR                      = false
   shake-tol                      = 0.0001
   lincs-order                    = 4
   lincs-iter                     = 1
   lincs-warnangle                = 30
   nwall                          = 0
   wall-type                      = 9-3
   wall-r-linpot                  = -1
   wall-atomtype[0]               = -1
   wall-atomtype[1]               = -1
   wall-density[0]                = 0
   wall-density[1]                = 0
   wall-ewald-zfac                = 3
   pull                           = false
   awh                            = false
   rotation                       = false
   interactiveMD                  = false
   disre                          = No
   disre-weighting                = Conservative
   disre-mixed                    = false
   dr-fc                          = 1000
   dr-tau                         = 0
   nstdisreout                    = 100
   orire-fc                       = 0
   orire-tau                      = 0
   nstorireout                    = 100
   free-energy                    = no
   cos-acceleration               = 0
   deform (3x3):
      deform[    0]={ 0.00000e+00,  0.00000e+00,  0.00000e+00}
      deform[    1]={ 0.00000e+00,  0.00000e+00,  0.00000e+00}
      deform[    2]={ 0.00000e+00,  0.00000e+00,  0.00000e+00}
   simulated-tempering            = false
   swapcoords                     = no
   userint1                       = 0
   userint2                       = 0
   userint3                       = 0
   userint4                       = 0
   userreal1                      = 0
   userreal2                      = 0
   userreal3                      = 0
   userreal4                      = 0
   applied-forces:
     electric-field:
       x:
         E0                       = 0
         omega                    = 0
         t0                       = 0
         sigma                    = 0
       y:
         E0                       = 0
         omega                    = 0
         t0                       = 0
         sigma                    = 0
       z:
         E0                       = 0
         omega                    = 0
         t0                       = 0
         sigma                    = 0
     density-guided-simulation:
       active                     = false
       group                      = protein
       similarity-measure         = inner-product
       atom-spreading-weight      = unity
       force-constant             = 1e+09
       gaussian-transform-spreading-width = 0.2
       gaussian-transform-spreading-range-in-multiples-of-width = 4
       reference-density-filename = reference.mrc
       nst                        = 1
       normalize-densities        = true
       adaptive-force-scaling     = false
       adaptive-force-scaling-time-constant = 4
       shift-vector               = 
       transformation-matrix      = 
     qmmm-cp2k:
       active                     = false
       qmgroup                    = System
       qmmethod                   = PBE
       qmfilenames                = 
       qmcharge                   = 0
       qmmultiplicity             = 1
grpopts:
   nrdf:        3549
   ref-t:      298.15
   tau-t:           2
annealing:          No
annealing-npoints:           0
   acc:	           0           0           0
   nfreeze:           N           N           N
   energygrp-flags[  0]: 0

Changing nstlist from 10 to 40, rlist from 1.001 to 1.1

Update task can not run on the GPU, because the following condition(s) were not satisfied:

Either PME or short-ranged non-bonded interaction tasks must run on the GPU.
Compatible GPUs must have been found.
Only CUDA and SYCL builds are supported.
Nose-Hoover temperature coupling is not supported.
Virtual sites are not supported.
The number of coupled constraints is higher than supported in the GPU LINCS code.
Chosen GPU implementation does not support constraints.

Initializing Domain Decomposition on 20 ranks
Dynamic load balancing: auto
Using update groups, nr 592, average size 4.0 atoms, max. radius 0.078 nm
Minimum cell size due to atom displacement: 0.244 nm
Scaling the initial minimum size with 1/0.8 (option -dds) = 1.25
Guess for relative PME load: 0.16
Will use 16 particle-particle and 4 PME only ranks
This is a guess, check the performance at the end of the log file
Using 4 separate PME ranks, as guessed by mdrun
Optimizing the DD grid for 16 cells with a minimum initial size of 0.305 nm
The maximum allowed number of cells is: X 8 Y 8 Z 8
Domain decomposition grid 4 x 4 x 1, separate PME ranks 4
PME domain decomposition: 4 x 1 x 1
Interleaving PP and PME ranks
This rank does only particle-particle work.
Domain decomposition rank 0, coordinates 0 0 0

The initial number of communication pulses is: X 2 Y 2
The initial domain decomposition cell size is: X 0.65 nm Y 0.65 nm

When dynamic load balancing gets turned on, these settings will change to:
The maximum number of communication pulses is: X 3 Y 3
The minimum size for domain decomposition cells is 0.419 nm
The requested allowed shrink of DD cells (option -dds) is: 0.80
The allowed shrink of domain decomposition cells is: X 0.64 Y 0.64

Using 20 MPI threads
Using 1 OpenMP thread per tMPI thread

System total charge: 0.000
Will do PME sum in reciprocal space for electrostatic interactions.

++++ PLEASE READ AND CITE THE FOLLOWING REFERENCE ++++
U. Essmann, L. Perera, M. L. Berkowitz, T. Darden, H. Lee and L. G. Pedersen 
A smooth particle mesh Ewald method
J. Chem. Phys. 103 (1995) pp. 8577-8592
-------- -------- --- Thank You --- -------- --------

Using a Gaussian width (1/beta) of 0.320163 nm for Ewald
Potential shift: LJ r^-12: -1.000e+00 r^-6: -1.000e+00, Ewald -1.000e-05
Initialized non-bonded Coulomb Ewald tables, spacing: 9.33e-04 size: 1073

Long Range LJ corr.: <C6> 1.7091e-04


Using SIMD 4x8 nonbonded short-range kernels

Using a dual 4x8 pair-list setup updated with dynamic pruning:
  outer list: updated every 40 steps, buffer 0.100 nm, rlist 1.100 nm
  inner list: updated every 10 steps, buffer 0.001 nm, rlist 1.001 nm
At tolerance 0.005 kJ/mol/ps per atom, equivalent classical 1x1 list would be:
  outer list: updated every 40 steps, buffer 0.214 nm, rlist 1.214 nm
  inner list: updated every 10 steps, buffer 0.038 nm, rlist 1.038 nm

Using Geometric Lennard-Jones combination rule
Removing pbc first time

Linking all bonded interactions to atoms


Pinning threads with an auto-selected logical cpu stride of 1

++++ PLEASE READ AND CITE THE FOLLOWING REFERENCE ++++
S. Miyamoto and P. A. Kollman
SETTLE: An Analytical Version of the SHAKE and RATTLE Algorithms for Rigid
Water Models
J. Comp. Chem. 13 (1992) pp. 952-962
-------- -------- --- Thank You --- -------- --------

Intra-simulation communication will occur every 50 steps.
There are: 1776 Atoms
There are: 592 VSites
Atom distribution over 16 domains: av 148 stddev 13 min 132 max 184

Constraining the starting coordinates (step 0)

Constraining the coordinates at t0-dt (step 0)
Center of mass motion removal mode is Linear
We have the following groups for center of mass motion removal:
  0:  rest
RMS relative constraint deviation after constraining: 0.00e+00
Initial temperature: 302.657 K

Started mdrun on rank 0 Wed Aug 30 10:21:09 2023

           Step           Time
              0        0.00000

   Energies (kJ/mol)
        LJ (SR)  Disper. corr.   Coulomb (SR)   Coul. recip.      Potential
    6.91666e+03   -2.28195e+02   -3.95934e+04    6.32871e+01   -3.28416e+04
    Kinetic En.   Total Energy  Conserved En.    Temperature Pres. DC (bar)
    4.46525e+03   -2.83764e+04   -2.83764e+04    3.02647e+02   -2.15785e+02
 Pressure (bar)
   -1.91035e+03


DD  step 39 load imb.: force 64.4%  pme mesh/force 0.408

step 80 Turning on dynamic load balancing, because the performance loss due to load imbalance is 20.0 %.

DD  step 1999  vol min/aver 0.701  load imb.: force 15.4%  pme mesh/force 0.384
           Step           Time
           2000        4.00000

   Energies (kJ/mol)
        LJ (SR)  Disper. corr.   Coulomb (SR)   Coul. recip.      Potential
    4.89819e+03   -2.28195e+02   -3.19664e+04    1.25663e+02   -2.71708e+04
    Kinetic En.   Total Energy  Conserved En.    Temperature Pres. DC (bar)
    4.23861e+03   -2.29322e+04   -2.51417e+04    2.87285e+02   -2.15785e+02
 Pressure (bar)
   -5.44228e+02


step 2400 Turning off dynamic load balancing, because it is degrading performance.
Atom distribution over 16 domains: av 148 stddev 13 min 128 max 176

DD  step 3999 load imb.: force 36.7%  pme mesh/force 0.857

step 4000 Turning on dynamic load balancing, because the performance loss due to load imbalance is 12.3 %.
           Step           Time
           4000        8.00000

   Energies (kJ/mol)
        LJ (SR)  Disper. corr.   Coulomb (SR)   Coul. recip.      Potential
    4.65436e+03   -2.28195e+02   -2.99153e+04    1.79995e+02   -2.53091e+04
    Kinetic En.   Total Energy  Conserved En.    Temperature Pres. DC (bar)
    5.56409e+03   -1.97450e+04   -2.24598e+04    3.77124e+02   -2.15785e+02
 Pressure (bar)
    1.47481e+03


DD  load balancing is limited by minimum cell size in dimension X Y
DD  step 5999  vol min/aver 0.418! load imb.: force 55.8%  pme mesh/force 0.469
           Step           Time
           6000       12.00000

   Energies (kJ/mol)
        LJ (SR)  Disper. corr.   Coulomb (SR)   Coul. recip.      Potential
    5.61229e+03   -2.28195e+02   -3.40350e+04    1.14768e+02   -2.85361e+04
    Kinetic En.   Total Energy  Conserved En.    Temperature Pres. DC (bar)
    4.03675e+03   -2.44994e+04   -2.18978e+04    2.73604e+02   -2.15785e+02
 Pressure (bar)
   -2.79626e+02


step 7200 Turning off dynamic load balancing, because it is degrading performance.
Atom distribution over 16 domains: av 148 stddev 9 min 128 max 160
step 7840: timed with pme grid 24 24 24, coulomb cutoff 1.000: 190.4 M-cycles
step 7840: the box size limits the PME load balancing to a coulomb cut-off of 1.083
step 7920: timed with pme grid 20 20 20, coulomb cutoff 1.083: 48.9 M-cycles
              optimal pme grid 20 20 20, coulomb cutoff 1.083

DD  step 7999 load imb.: force 26.9%  pme mesh/force 0.939
           Step           Time
           8000       16.00000

   Energies (kJ/mol)
        LJ (SR)  Disper. corr.   Coulomb (SR)   Coul. recip.      Potential
    5.52745e+03   -2.28195e+02   -3.32866e+04    1.08766e+02   -2.78786e+04
    Kinetic En.   Total Energy  Conserved En.    Temperature Pres. DC (bar)
    4.05036e+03   -2.38283e+04   -2.18490e+04    2.74526e+02   -2.15785e+02
 Pressure (bar)
    1.88670e+02


DD  step 9999 load imb.: force 30.9%  pme mesh/force 0.801
           Step           Time
          10000       20.00000

   Energies (kJ/mol)
        LJ (SR)  Disper. corr.   Coulomb (SR)   Coul. recip.      Potential
    5.26670e+03   -2.28195e+02   -3.21703e+04    1.33659e+02   -2.69981e+04
    Kinetic En.   Total Energy  Conserved En.    Temperature Pres. DC (bar)
    4.66165e+03   -2.23365e+04   -2.16852e+04    3.15958e+02   -2.15785e+02
 Pressure (bar)
    7.99052e+02


DD  step 11999 load imb.: force 43.3%  pme mesh/force 0.566

step 12000 Turning on dynamic load balancing, because the performance loss due to load imbalance is 16.7 %.
           Step           Time
          12000       24.00000

   Energies (kJ/mol)
        LJ (SR)  Disper. corr.   Coulomb (SR)   Coul. recip.      Potential
    5.27137e+03   -2.28195e+02   -3.23886e+04    1.18042e+02   -2.72274e+04
    Kinetic En.   Total Energy  Conserved En.    Temperature Pres. DC (bar)
    4.59203e+03   -2.26354e+04   -2.14238e+04    3.11240e+02   -2.15785e+02
 Pressure (bar)
    5.50516e+02


DD  step 13999  vol min/aver 0.749  load imb.: force 16.7%  pme mesh/force 0.896
           Step           Time
          14000       28.00000

   Energies (kJ/mol)
        LJ (SR)  Disper. corr.   Coulomb (SR)   Coul. recip.      Potential
    5.45794e+03   -2.28195e+02   -3.31346e+04    9.82096e+01   -2.78067e+04
    Kinetic En.   Total Energy  Conserved En.    Temperature Pres. DC (bar)
    4.37171e+03   -2.34350e+04   -2.15112e+04    2.96306e+02   -2.15785e+02
 Pressure (bar)
    1.65717e+02


DD  step 15999  vol min/aver 0.709  load imb.: force 10.0%  pme mesh/force 1.075

step 16000 Turning off dynamic load balancing, because it is degrading performance.
Atom distribution over 16 domains: av 148 stddev 8 min 136 max 164
           Step           Time
          16000       32.00000

   Energies (kJ/mol)
        LJ (SR)  Disper. corr.   Coulomb (SR)   Coul. recip.      Potential
    5.10770e+03   -2.28195e+02   -3.23822e+04    1.14068e+02   -2.73886e+04
    Kinetic En.   Total Energy  Conserved En.    Temperature Pres. DC (bar)
    4.58705e+03   -2.28015e+04   -2.14471e+04    3.10902e+02   -2.15785e+02
 Pressure (bar)
   -2.72582e+02


DD  step 17999 load imb.: force 42.2%  pme mesh/force 0.659
           Step           Time
          18000       36.00000

   Energies (kJ/mol)
        LJ (SR)  Disper. corr.   Coulomb (SR)   Coul. recip.      Potential
    5.16004e+03   -2.28195e+02   -3.25274e+04    1.05317e+02   -2.74902e+04
    Kinetic En.   Total Energy  Conserved En.    Temperature Pres. DC (bar)
    4.37002e+03   -2.31202e+04   -2.14618e+04    2.96192e+02   -2.15785e+02
 Pressure (bar)
   -2.15410e+02


DD  step 19999 load imb.: force 29.3%  pme mesh/force 0.925

step 20000 Will no longer try dynamic load balancing, as it degraded performance.
           Step           Time
          20000       40.00000

   Energies (kJ/mol)
        LJ (SR)  Disper. corr.   Coulomb (SR)   Coul. recip.      Potential
    5.14801e+03   -2.28195e+02   -3.25453e+04    9.27025e+01   -2.75328e+04
    Kinetic En.   Total Energy  Conserved En.    Temperature Pres. DC (bar)
    4.05098e+03   -2.34818e+04   -2.15039e+04    2.74568e+02   -2.15785e+02
 Pressure (bar)
   -4.83176e+02


DD  step 21999 load imb.: force 192.1%  pme mesh/force 0.163
           Step           Time
          22000       44.00000

   Energies (kJ/mol)
        LJ (SR)  Disper. corr.   Coulomb (SR)   Coul. recip.      Potential
    5.17143e+03   -2.28195e+02   -3.25917e+04    9.85374e+01   -2.75499e+04
    Kinetic En.   Total Energy  Conserved En.    Temperature Pres. DC (bar)
    4.24413e+03   -2.33058e+04   -2.14785e+04    2.87659e+02   -2.15785e+02
 Pressure (bar)
   -3.54900e+02


DD  step 23999 load imb.: force 39.4%  pme mesh/force 0.261
           Step           Time
          24000       48.00000

   Energies (kJ/mol)
        LJ (SR)  Disper. corr.   Coulomb (SR)   Coul. recip.      Potential
    5.12328e+03   -2.28195e+02   -3.22127e+04    1.17035e+02   -2.72006e+04
    Kinetic En.   Total Energy  Conserved En.    Temperature Pres. DC (bar)
    4.53352e+03   -2.26671e+04   -2.14305e+04    3.07274e+02   -2.15785e+02
 Pressure (bar)
    6.11489e+01


DD  step 25999 load imb.: force 169.2%  pme mesh/force 0.167
           Step           Time
          26000       52.00000

   Energies (kJ/mol)
        LJ (SR)  Disper. corr.   Coulomb (SR)   Coul. recip.      Potential
    5.18285e+03   -2.28195e+02   -3.23397e+04    1.10543e+02   -2.72745e+04
    Kinetic En.   Total Energy  Conserved En.    Temperature Pres. DC (bar)
    4.66905e+03   -2.26055e+04   -2.13784e+04    3.16460e+02   -2.15785e+02
 Pressure (bar)
    1.62158e+02


DD  step 27999 load imb.: force 46.9%  pme mesh/force 0.225
           Step           Time
          28000       56.00000

   Energies (kJ/mol)
        LJ (SR)  Disper. corr.   Coulomb (SR)   Coul. recip.      Potential
    5.24586e+03   -2.28195e+02   -3.27143e+04    8.36967e+01   -2.76129e+04
    Kinetic En.   Total Energy  Conserved En.    Temperature Pres. DC (bar)
    4.58910e+03   -2.30238e+04   -2.13744e+04    3.11041e+02   -2.15785e+02
 Pressure (bar)
   -3.56024e+02


DD  step 29999 load imb.: force 83.9%  pme mesh/force 0.200
           Step           Time
          30000       60.00000

   Energies (kJ/mol)
        LJ (SR)  Disper. corr.   Coulomb (SR)   Coul. recip.      Potential
    5.33033e+03   -2.28195e+02   -3.27108e+04    1.07320e+02   -2.75014e+04
    Kinetic En.   Total Energy  Conserved En.    Temperature Pres. DC (bar)
    4.41879e+03   -2.30826e+04   -2.14664e+04    2.99498e+02   -2.15785e+02
 Pressure (bar)
    3.81739e+02


DD  step 31999 load imb.: force 70.8%  pme mesh/force 0.188
           Step           Time
          32000       64.00000

   Energies (kJ/mol)
        LJ (SR)  Disper. corr.   Coulomb (SR)   Coul. recip.      Potential
    5.41822e+03   -2.28195e+02   -3.27790e+04    1.05704e+02   -2.74833e+04
    Kinetic En.   Total Energy  Conserved En.    Temperature Pres. DC (bar)
    4.57570e+03   -2.29076e+04   -2.13035e+04    3.10132e+02   -2.15785e+02
 Pressure (bar)
    6.60619e+02


DD  step 33999 load imb.: force 183.7%  pme mesh/force 0.099
           Step           Time
          34000       68.00000

   Energies (kJ/mol)
        LJ (SR)  Disper. corr.   Coulomb (SR)   Coul. recip.      Potential
    5.52324e+03   -2.28195e+02   -3.31222e+04    9.83574e+01   -2.77288e+04
    Kinetic En.   Total Energy  Conserved En.    Temperature Pres. DC (bar)
    4.33861e+03   -2.33902e+04   -2.13919e+04    2.94063e+02   -2.15785e+02
 Pressure (bar)
    4.20499e+02


DD  step 35999 load imb.: force 196.3%  pme mesh/force 0.133
           Step           Time
          36000       72.00000

   Energies (kJ/mol)
        LJ (SR)  Disper. corr.   Coulomb (SR)   Coul. recip.      Potential
    5.37353e+03   -2.28195e+02   -3.26019e+04    1.02071e+02   -2.73545e+04
    Kinetic En.   Total Energy  Conserved En.    Temperature Pres. DC (bar)
    4.37115e+03   -2.29834e+04   -2.13107e+04    2.96269e+02   -2.15785e+02
 Pressure (bar)
    6.88669e+02


DD  step 37999 load imb.: force 194.6%  pme mesh/force 0.239
           Step           Time
          38000       76.00000

   Energies (kJ/mol)
        LJ (SR)  Disper. corr.   Coulomb (SR)   Coul. recip.      Potential
    5.52028e+03   -2.28195e+02   -3.32663e+04    1.01211e+02   -2.78730e+04
    Kinetic En.   Total Energy  Conserved En.    Temperature Pres. DC (bar)
    4.18439e+03   -2.36886e+04   -2.13613e+04    2.83610e+02   -2.15785e+02
 Pressure (bar)
    1.94139e+02


DD  step 39999 load imb.: force 61.1%  pme mesh/force 0.333
           Step           Time
          40000       80.00000

   Energies (kJ/mol)
        LJ (SR)  Disper. corr.   Coulomb (SR)   Coul. recip.      Potential
    5.42052e+03   -2.28195e+02   -3.27415e+04    1.13652e+02   -2.74355e+04
    Kinetic En.   Total Energy  Conserved En.    Temperature Pres. DC (bar)
    4.45476e+03   -2.29808e+04   -2.13664e+04    3.01935e+02   -2.15785e+02
 Pressure (bar)
    4.55899e+02


DD  step 41999 load imb.: force 56.4%  pme mesh/force 0.205
           Step           Time
          42000       84.00000

   Energies (kJ/mol)
        LJ (SR)  Disper. corr.   Coulomb (SR)   Coul. recip.      Potential
    5.16705e+03   -2.28195e+02   -3.22913e+04    9.90143e+01   -2.72534e+04
    Kinetic En.   Total Energy  Conserved En.    Temperature Pres. DC (bar)
    4.36144e+03   -2.28919e+04   -2.13223e+04    2.95610e+02   -2.15785e+02
 Pressure (bar)
    3.79302e+01


DD  step 43999 load imb.: force 63.1%  pme mesh/force 0.307
           Step           Time
          44000       88.00000

   Energies (kJ/mol)
        LJ (SR)  Disper. corr.   Coulomb (SR)   Coul. recip.      Potential
    5.45663e+03   -2.28195e+02   -3.29490e+04    9.79992e+01   -2.76226e+04
    Kinetic En.   Total Energy  Conserved En.    Temperature Pres. DC (bar)
    4.69514e+03   -2.29275e+04   -2.13185e+04    3.18228e+02   -2.15785e+02
 Pressure (bar)
    6.89370e+02


DD  step 45999 load imb.: force 81.6%  pme mesh/force 0.301
           Step           Time
          46000       92.00000

   Energies (kJ/mol)
        LJ (SR)  Disper. corr.   Coulomb (SR)   Coul. recip.      Potential
    5.11913e+03   -2.28195e+02   -3.27137e+04    1.02912e+02   -2.77198e+04
    Kinetic En.   Total Energy  Conserved En.    Temperature Pres. DC (bar)
    4.53046e+03   -2.31894e+04   -2.12012e+04    3.07066e+02   -2.15785e+02
 Pressure (bar)
   -6.16061e+02


DD  step 47999 load imb.: force 251.7%  pme mesh/force 0.118
           Step           Time
          48000       96.00000

   Energies (kJ/mol)
        LJ (SR)  Disper. corr.   Coulomb (SR)   Coul. recip.      Potential
    5.38895e+03   -2.28195e+02   -3.27705e+04    9.02974e+01   -2.75195e+04
    Kinetic En.   Total Energy  Conserved En.    Temperature Pres. DC (bar)
    4.23964e+03   -2.32798e+04   -2.13127e+04    2.87355e+02   -2.15785e+02
 Pressure (bar)
    3.70867e+02


DD  step 49999 load imb.: force 196.0%  pme mesh/force 0.145
           Step           Time
          50000      100.00000

Writing checkpoint, step 50000 at Wed Aug 30 10:21:53 2023


   Energies (kJ/mol)
        LJ (SR)  Disper. corr.   Coulomb (SR)   Coul. recip.      Potential
    5.47927e+03   -2.28195e+02   -3.29270e+04    9.66057e+01   -2.75793e+04
    Kinetic En.   Total Energy  Conserved En.    Temperature Pres. DC (bar)
    4.29158e+03   -2.32877e+04   -2.12942e+04    2.90876e+02   -2.15785e+02
 Pressure (bar)
    5.06413e+02


Energy conservation over simulation part #1 of length 100 ps, time 0 to 100 ps
  Conserved energy drift: 2.99e-02 kJ/mol/ps per atom


	<======  ###############  ==>
	<====  A V E R A G E S  ====>
	<==  ###############  ======>

	Statistics over 50001 steps using 501 frames

   Energies (kJ/mol)
        LJ (SR)  Disper. corr.   Coulomb (SR)   Coul. recip.      Potential
    5.30424e+03   -2.28195e+02   -3.26640e+04    1.09270e+02   -2.74787e+04
    Kinetic En.   Total Energy  Conserved En.    Temperature Pres. DC (bar)
    4.39857e+03   -2.30801e+04   -2.17510e+04    2.98127e+02   -2.15785e+02
 Pressure (bar)
    1.91774e+02

   Total Virial (kJ/mol)
    1.34682e+03    1.19538e+01    2.77493e+01
    1.19537e+01    1.37370e+03    2.45674e+01
    2.77699e+01    2.45630e+01    1.37358e+03

   Pressure (bar)
    2.23575e+02   -2.46566e+01   -5.69896e+01
   -2.46565e+01    1.78422e+02   -3.92989e+01
   -5.70286e+01   -3.92907e+01    1.73326e+02


       P P   -   P M E   L O A D   B A L A N C I N G

 NOTE: The PP/PME load balancing was limited by the box size,
       you might not have reached a good load balance.

 PP/PME load balancing changed the cut-off and PME settings:
           particle-particle                    PME
            rcoulomb  rlist            grid      spacing   1/beta
   initial  1.000 nm  1.001 nm      24  24  24   0.108 nm  0.320 nm
   final    1.083 nm  1.084 nm      20  20  20   0.130 nm  0.347 nm
 cost-ratio           1.27             0.58
 (note that these numbers concern only part of the total PP and PME load)


	M E G A - F L O P S   A C C O U N T I N G

 NB=Group-cutoff nonbonded kernels    NxN=N-by-N cluster Verlet kernels
 RF=Reaction-Field  VdW=Van der Waals  QSTab=quadratic-spline table
 W3=SPC/TIP3p  W4=TIP4p (single or pairs)
 V&F=Potential and force  V=Potential only  F=Force only

 Computing:                               M-Number         M-Flops  % Flops
-----------------------------------------------------------------------------
 Pair Search distance check            1580.613350       14225.520     0.2
 NxN Ewald Elec. + LJ [F]             51325.091728     3387456.054    49.9
 NxN Ewald Elec. + LJ [V&F]             519.579584       55595.015     0.8
 NxN LJ [F]                              66.700256        2201.108     0.0
 NxN LJ [V&F]                             0.669536          28.790     0.0
 NxN Ewald Elec. [F]                  50897.113776     3104723.940    45.7
 NxN Ewald Elec. [V&F]                  515.135744       43271.402     0.6
 Calc Weights                           355.207104       12787.456     0.2
 Spread Q Bspline                      7577.751552       15155.503     0.2
 Gather F Bspline                      7577.751552       45466.509     0.7
 3D-FFT                               11727.888732       93823.110     1.4
 Solve PME                               21.380240        1368.335     0.0
 Reset In Box                             2.955264           8.866     0.0
 CG-CoM                                   2.964736           8.894     0.0
 Virial                                   1.547088          27.848     0.0
 Stop-CM                                  1.188736          11.887     0.0
 Calc-Ekin                                4.740736         128.000     0.0
 Constraint-V                            88.803552         799.232     0.0
 Constraint-Vir                           0.889776          21.355     0.0
 Settle                                  29.601776       10952.657     0.2
 Virtual Site 3                          29.897184        1106.196     0.0
-----------------------------------------------------------------------------
 Total                                                 6789167.679   100.0
-----------------------------------------------------------------------------


    D O M A I N   D E C O M P O S I T I O N   S T A T I S T I C S

 av. #atoms communicated per step for force:  2 x 13663.6


Dynamic load balancing report:
 DLB got disabled because it was unsuitable to use.
 Average load imbalance: 46.1%.
 The balanceable part of the MD step is 48%, load imbalance is computed from this.
 Part of the total run time spent waiting due to load imbalance: 22.1%.
 Average PME mesh/force load: 0.637
 Part of the total run time spent waiting due to PP/PME imbalance: 5.5 %

NOTE: 22.1 % of the available CPU time was lost due to load imbalance
      in the domain decomposition.
      You can consider manually changing the decomposition (option -dd);
      e.g. by using fewer domains along the box dimension in which there is
      considerable inhomogeneity in the simulated system.
NOTE: 5.5 % performance was lost because the PME ranks
      had less work to do than the PP ranks.
      You might want to decrease the number of PME ranks
      or decrease the cut-off and the grid spacing.


      R E A L   C Y C L E   A N D   T I M E   A C C O U N T I N G

On 16 MPI ranks doing PP, and
on 4 MPI ranks doing PME

 Activity:              Num   Num      Call    Wall time         Giga-Cycles
                        Ranks Threads  Count      (s)         total sum    %
--------------------------------------------------------------------------------
 Domain decomp.           16    1       1251       0.709         30.502   1.3
 DD comm. load            16    1        106       0.001          0.040   0.0
 DD comm. bounds          16    1         81       0.002          0.071   0.0
 Vsite constr.            16    1      50001       0.025          1.089   0.0
 Send X to PME            16    1      50001       1.810         77.822   3.3
 Neighbor search          16    1       1251       0.514         22.119   0.9
 Comm. coord.             16    1      48750       3.971        170.785   7.2
 Force                    16    1      50001      13.799        593.470  25.2
 Wait + Comm. F           16    1      50001      21.373        919.214  39.0
 PME mesh *                4    1      50001      11.369        122.235   5.2
 PME wait for PP *                                32.468        349.094  14.8
 Wait + Recv. PME F       16    1      50001       0.782         33.621   1.4
 NB X/F buffer ops.       16    1     147501       0.368         15.818   0.7
 Vsite spread             16    1      50502       0.030          1.277   0.1
 Write traj.              16    1          6       0.001          0.049   0.0
 Update                   16    1      50001       0.100          4.296   0.2
 Constraints              16    1      50003       0.103          4.424   0.2
 Comm. energies           16    1       1001       0.117          5.026   0.2
 Rest                                              0.134          5.771   0.2
--------------------------------------------------------------------------------
 Total                                            43.839       2356.743 100.0
--------------------------------------------------------------------------------
(*) Note that with separate PME ranks, the walltime column actually sums to
    twice the total reported, but the cycle count total and % are correct.
--------------------------------------------------------------------------------
 Breakdown of PME mesh activities
--------------------------------------------------------------------------------
 PME redist. X/F           4    1     100002       4.465         48.004   2.0
 PME spread                4    1      50001       2.254         24.234   1.0
 PME gather                4    1      50001       1.697         18.246   0.8
 PME 3D-FFT                4    1     100002       1.299         13.970   0.6
 PME 3D-FFT Comm.          4    1     100002       1.278         13.736   0.6
 PME solve Elec            4    1      50001       0.324          3.481   0.1
--------------------------------------------------------------------------------

               Core t (s)   Wall t (s)        (%)
       Time:      876.755       43.839     1999.9
                 (ns/day)    (hour/ns)
Performance:      197.089        0.122
Finished mdrun on rank 0 Wed Aug 30 10:21:53 2023

